{"F:\\NAHALIL\\Portofolio\\BekuMart\\backend\\src\\config.ts": {"path":"F:\\NAHALIL\\Portofolio\\BekuMart\\backend\\src\\config.ts","statementMap":{"0":{"start":{"line":1,"column":0},"end":{"line":1,"column":23}},"1":{"start":{"line":3,"column":13},"end":{"line":18,"column":null}}},"fnMap":{},"branchMap":{},"s":{"0":3,"1":3},"f":{},"b":{}}
,"F:\\NAHALIL\\Portofolio\\BekuMart\\backend\\src\\helper\\emailSender.ts": {"path":"F:\\NAHALIL\\Portofolio\\BekuMart\\backend\\src\\helper\\emailSender.ts","statementMap":{"0":{"start":{"line":9,"column":0},"end":{"line":9,"column":7}},"1":{"start":{"line":35,"column":0},"end":{"line":35,"column":7}},"2":{"start":{"line":65,"column":0},"end":{"line":65,"column":7}},"3":{"start":{"line":1,"column":0},"end":{"line":1,"column":24}},"4":{"start":{"line":2,"column":0},"end":{"line":2,"column":20}},"5":{"start":{"line":3,"column":0},"end":{"line":3,"column":36}},"6":{"start":{"line":4,"column":0},"end":{"line":4,"column":50}},"7":{"start":{"line":6,"column":0},"end":{"line":6,"column":54}},"8":{"start":{"line":7,"column":0},"end":{"line":7,"column":36}},"9":{"start":{"line":10,"column":2},"end":{"line":32,"column":3}},"10":{"start":{"line":11,"column":25},"end":{"line":11,"column":77}},"11":{"start":{"line":13,"column":27},"end":{"line":13,"column":65}},"12":{"start":{"line":14,"column":29},"end":{"line":14,"column":63}},"13":{"start":{"line":16,"column":25},"end":{"line":20,"column":6}},"14":{"start":{"line":22,"column":17},"end":{"line":22,"column":47}},"15":{"start":{"line":24,"column":4},"end":{"line":29,"column":7}},"16":{"start":{"line":31,"column":4},"end":{"line":31,"column":16}},"17":{"start":{"line":36,"column":2},"end":{"line":62,"column":3}},"18":{"start":{"line":37,"column":25},"end":{"line":40,"column":null}},"19":{"start":{"line":43,"column":20},"end":{"line":43,"column":29}},"20":{"start":{"line":44,"column":18},"end":{"line":44,"column":79}},"21":{"start":{"line":46,"column":27},"end":{"line":46,"column":65}},"22":{"start":{"line":47,"column":29},"end":{"line":47,"column":63}},"23":{"start":{"line":49,"column":17},"end":{"line":52,"column":6}},"24":{"start":{"line":54,"column":4},"end":{"line":59,"column":7}},"25":{"start":{"line":61,"column":4},"end":{"line":61,"column":16}},"26":{"start":{"line":70,"column":2},"end":{"line":97,"column":3}},"27":{"start":{"line":71,"column":37},"end":{"line":71,"column":41}},"28":{"start":{"line":73,"column":25},"end":{"line":76,"column":null}},"29":{"start":{"line":79,"column":27},"end":{"line":79,"column":65}},"30":{"start":{"line":80,"column":29},"end":{"line":80,"column":63}},"31":{"start":{"line":82,"column":17},"end":{"line":86,"column":6}},"32":{"start":{"line":88,"column":4},"end":{"line":94,"column":7}},"33":{"start":{"line":96,"column":4},"end":{"line":96,"column":16}}},"fnMap":{"0":{"name":"sendOrderStatusUpdateEmail","decl":{"start":{"line":9,"column":22},"end":{"line":9,"column":48}},"loc":{"start":{"line":9,"column":62},"end":{"line":33,"column":1}}},"1":{"name":"VerifyResetPasswordEmail","decl":{"start":{"line":35,"column":22},"end":{"line":35,"column":46}},"loc":{"start":{"line":35,"column":60},"end":{"line":63,"column":1}}},"2":{"name":"SendEmail","decl":{"start":{"line":65,"column":22},"end":{"line":65,"column":31}},"loc":{"start":{"line":69,"column":1},"end":{"line":98,"column":1}}}},"branchMap":{},"s":{"0":1,"1":1,"2":1,"3":1,"4":1,"5":1,"6":1,"7":1,"8":1,"9":3,"10":3,"11":3,"12":3,"13":3,"14":3,"15":3,"16":1,"17":1,"18":1,"19":1,"20":1,"21":1,"22":1,"23":1,"24":1,"25":0,"26":1,"27":1,"28":1,"29":1,"30":1,"31":1,"32":1,"33":0},"f":{"0":3,"1":1,"2":1},"b":{}}
,"F:\\NAHALIL\\Portofolio\\BekuMart\\backend\\src\\helper\\fileUploadHelper.ts": {"path":"F:\\NAHALIL\\Portofolio\\BekuMart\\backend\\src\\helper\\fileUploadHelper.ts","statementMap":{"0":{"start":{"line":1,"column":31},"end":{"line":4,"column":1}},"1":{"start":{"line":2,"column":17},"end":{"line":2,"column":42}},"2":{"start":{"line":3,"column":2},"end":{"line":3,"column":45}},"3":{"start":{"line":1,"column":13},"end":{"line":1,"column":31}},"4":{"start":{"line":6,"column":34},"end":{"line":18,"column":1}},"5":{"start":{"line":7,"column":19},"end":{"line":7,"column":33}},"6":{"start":{"line":8,"column":22},"end":{"line":8,"column":48}},"7":{"start":{"line":9,"column":2},"end":{"line":11,"column":3}},"8":{"start":{"line":10,"column":4},"end":{"line":10,"column":16}},"9":{"start":{"line":12,"column":32},"end":{"line":12,"column":73}},"10":{"start":{"line":13,"column":19},"end":{"line":15,"column":null}},"11":{"start":{"line":17,"column":2},"end":{"line":17,"column":18}},"12":{"start":{"line":6,"column":13},"end":{"line":6,"column":34}}},"fnMap":{"0":{"name":"(anonymous_0)","decl":{"start":{"line":1,"column":31},"end":{"line":1,"column":32}},"loc":{"start":{"line":1,"column":68},"end":{"line":4,"column":1}}},"1":{"name":"(anonymous_1)","decl":{"start":{"line":6,"column":34},"end":{"line":6,"column":35}},"loc":{"start":{"line":6,"column":65},"end":{"line":18,"column":1}}}},"branchMap":{"0":{"loc":{"start":{"line":9,"column":2},"end":{"line":11,"column":3}},"type":"if","locations":[{"start":{"line":9,"column":2},"end":{"line":11,"column":3}},{"start":{},"end":{}}]},"1":{"loc":{"start":{"line":9,"column":6},"end":{"line":9,"column":62}},"type":"binary-expr","locations":[{"start":{"line":9,"column":6},"end":{"line":9,"column":24}},{"start":{"line":9,"column":28},"end":{"line":9,"column":62}}]}},"s":{"0":1,"1":3,"2":3,"3":1,"4":1,"5":8,"6":8,"7":8,"8":3,"9":5,"10":5,"11":5,"12":1},"f":{"0":3,"1":8},"b":{"0":[3,5],"1":[8,6]}}
,"F:\\NAHALIL\\Portofolio\\BekuMart\\backend\\src\\helper\\findUserByEmail.ts": {"path":"F:\\NAHALIL\\Portofolio\\BekuMart\\backend\\src\\helper\\findUserByEmail.ts","statementMap":{"0":{"start":{"line":3,"column":0},"end":{"line":3,"column":7}},"1":{"start":{"line":1,"column":0},"end":{"line":1,"column":39}},"2":{"start":{"line":4,"column":2},"end":{"line":14,"column":3}},"3":{"start":{"line":5,"column":17},"end":{"line":9,"column":6}},"4":{"start":{"line":11,"column":4},"end":{"line":11,"column":16}},"5":{"start":{"line":13,"column":4},"end":{"line":13,"column":16}}},"fnMap":{"0":{"name":"FindUserByEmail","decl":{"start":{"line":3,"column":22},"end":{"line":3,"column":37}},"loc":{"start":{"line":3,"column":51},"end":{"line":15,"column":1}}}},"branchMap":{},"s":{"0":1,"1":1,"2":1,"3":1,"4":1,"5":0},"f":{"0":1},"b":{}}
,"F:\\NAHALIL\\Portofolio\\BekuMart\\backend\\src\\helper\\getShippingCost.ts": {"path":"F:\\NAHALIL\\Portofolio\\BekuMart\\backend\\src\\helper\\getShippingCost.ts","statementMap":{"0":{"start":{"line":12,"column":0},"end":{"line":12,"column":7}},"1":{"start":{"line":1,"column":0},"end":{"line":1,"column":26}},"2":{"start":{"line":2,"column":0},"end":{"line":2,"column":null}},"3":{"start":{"line":7,"column":0},"end":{"line":7,"column":39}},"4":{"start":{"line":8,"column":0},"end":{"line":8,"column":45}},"5":{"start":{"line":9,"column":0},"end":{"line":9,"column":62}},"6":{"start":{"line":10,"column":0},"end":{"line":10,"column":37}},"7":{"start":{"line":13,"column":2},"end":{"line":85,"column":3}},"8":{"start":{"line":14,"column":20},"end":{"line":16,"column":6}},"9":{"start":{"line":18,"column":4},"end":{"line":20,"column":5}},"10":{"start":{"line":19,"column":6},"end":{"line":19,"column":51}},"11":{"start":{"line":22,"column":38},"end":{"line":22,"column":45}},"12":{"start":{"line":24,"column":17},"end":{"line":24,"column":57}},"13":{"start":{"line":26,"column":4},"end":{"line":26,"column":70}},"14":{"start":{"line":26,"column":29},"end":{"line":26,"column":70}},"15":{"start":{"line":28,"column":24},"end":{"line":29,"column":null}},"16":{"start":{"line":32,"column":4},"end":{"line":32,"column":74}},"17":{"start":{"line":32,"column":22},"end":{"line":32,"column":74}},"18":{"start":{"line":34,"column":25},"end":{"line":34,"column":48}},"19":{"start":{"line":36,"column":26},"end":{"line":38,"column":8}},"20":{"start":{"line":37,"column":20},"end":{"line":37,"column":44}},"21":{"start":{"line":40,"column":4},"end":{"line":41,"column":77}},"22":{"start":{"line":41,"column":6},"end":{"line":41,"column":77}},"23":{"start":{"line":43,"column":17},"end":{"line":49,"column":6}},"24":{"start":{"line":51,"column":19},"end":{"line":57,"column":6}},"25":{"start":{"line":59,"column":21},"end":{"line":61,"column":6}},"26":{"start":{"line":63,"column":32},"end":{"line":63,"column":57}},"27":{"start":{"line":65,"column":4},"end":{"line":67,"column":5}},"28":{"start":{"line":66,"column":6},"end":{"line":66,"column":45}},"29":{"start":{"line":69,"column":21},"end":{"line":72,"column":null}},"30":{"start":{"line":75,"column":21},"end":{"line":75,"column":39}},"31":{"start":{"line":77,"column":4},"end":{"line":78,"column":56}},"32":{"start":{"line":78,"column":6},"end":{"line":78,"column":56}},"33":{"start":{"line":80,"column":4},"end":{"line":80,"column":66}},"34":{"start":{"line":82,"column":4},"end":{"line":82,"column":20}},"35":{"start":{"line":84,"column":4},"end":{"line":84,"column":16}}},"fnMap":{"0":{"name":"getShippingCost","decl":{"start":{"line":12,"column":22},"end":{"line":12,"column":37}},"loc":{"start":{"line":12,"column":76},"end":{"line":86,"column":1}}},"1":{"name":"(anonymous_2)","decl":{"start":{"line":37,"column":6},"end":{"line":37,"column":7}},"loc":{"start":{"line":37,"column":20},"end":{"line":37,"column":44}}}},"branchMap":{"0":{"loc":{"start":{"line":18,"column":4},"end":{"line":20,"column":5}},"type":"if","locations":[{"start":{"line":18,"column":4},"end":{"line":20,"column":5}},{"start":{},"end":{}}]},"1":{"loc":{"start":{"line":26,"column":4},"end":{"line":26,"column":70}},"type":"if","locations":[{"start":{"line":26,"column":4},"end":{"line":26,"column":70}},{"start":{},"end":{}}]},"2":{"loc":{"start":{"line":32,"column":4},"end":{"line":32,"column":74}},"type":"if","locations":[{"start":{"line":32,"column":4},"end":{"line":32,"column":74}},{"start":{},"end":{}}]},"3":{"loc":{"start":{"line":40,"column":4},"end":{"line":41,"column":77}},"type":"if","locations":[{"start":{"line":40,"column":4},"end":{"line":41,"column":77}},{"start":{},"end":{}}]},"4":{"loc":{"start":{"line":65,"column":4},"end":{"line":67,"column":5}},"type":"if","locations":[{"start":{"line":65,"column":4},"end":{"line":67,"column":5}},{"start":{},"end":{}}]},"5":{"loc":{"start":{"line":77,"column":4},"end":{"line":78,"column":56}},"type":"if","locations":[{"start":{"line":77,"column":4},"end":{"line":78,"column":56}},{"start":{},"end":{}}]}},"s":{"0":1,"1":1,"2":1,"3":1,"4":1,"5":1,"6":1,"7":7,"8":7,"9":7,"10":1,"11":6,"12":6,"13":6,"14":1,"15":5,"16":5,"17":2,"18":3,"19":3,"20":3,"21":3,"22":0,"23":3,"24":3,"25":3,"26":3,"27":3,"28":1,"29":2,"30":1,"31":1,"32":0,"33":1,"34":1,"35":5},"f":{"0":7,"1":3},"b":{"0":[1,6],"1":[1,5],"2":[2,3],"3":[0,3],"4":[1,2],"5":[0,1]}}
,"F:\\NAHALIL\\Portofolio\\BekuMart\\backend\\src\\helper\\orderHelpers.ts": {"path":"F:\\NAHALIL\\Portofolio\\BekuMart\\backend\\src\\helper\\orderHelpers.ts","statementMap":{"0":{"start":{"line":8,"column":0},"end":{"line":8,"column":7}},"1":{"start":{"line":52,"column":0},"end":{"line":52,"column":7}},"2":{"start":{"line":91,"column":0},"end":{"line":91,"column":7}},"3":{"start":{"line":2,"column":0},"end":{"line":2,"column":39}},"4":{"start":{"line":3,"column":0},"end":{"line":3,"column":45}},"5":{"start":{"line":4,"column":0},"end":{"line":4,"column":41}},"6":{"start":{"line":9,"column":2},"end":{"line":49,"column":3}},"7":{"start":{"line":10,"column":26},"end":{"line":10,"column":27}},"8":{"start":{"line":12,"column":4},"end":{"line":46,"column":5}},"9":{"start":{"line":14,"column":22},"end":{"line":17,"column":8}},"10":{"start":{"line":19,"column":6},"end":{"line":21,"column":7}},"11":{"start":{"line":20,"column":8},"end":{"line":20,"column":81}},"12":{"start":{"line":23,"column":6},"end":{"line":28,"column":7}},"13":{"start":{"line":24,"column":8},"end":{"line":27,"column":10}},"14":{"start":{"line":30,"column":6},"end":{"line":35,"column":7}},"15":{"start":{"line":31,"column":8},"end":{"line":34,"column":10}},"16":{"start":{"line":38,"column":6},"end":{"line":43,"column":7}},"17":{"start":{"line":39,"column":8},"end":{"line":42,"column":10}},"18":{"start":{"line":45,"column":6},"end":{"line":45,"column":55}},"19":{"start":{"line":48,"column":4},"end":{"line":48,"column":16}},"20":{"start":{"line":57,"column":2},"end":{"line":88,"column":3}},"21":{"start":{"line":58,"column":17},"end":{"line":61,"column":6}},"22":{"start":{"line":63,"column":4},"end":{"line":65,"column":5}},"23":{"start":{"line":64,"column":6},"end":{"line":64,"column":48}},"24":{"start":{"line":67,"column":22},"end":{"line":76,"column":6}},"25":{"start":{"line":78,"column":24},"end":{"line":78,"column":63}},"26":{"start":{"line":80,"column":4},"end":{"line":82,"column":5}},"27":{"start":{"line":81,"column":6},"end":{"line":81,"column":70}},"28":{"start":{"line":84,"column":25},"end":{"line":84,"column":42}},"29":{"start":{"line":85,"column":4},"end":{"line":85,"column":24}},"30":{"start":{"line":87,"column":4},"end":{"line":87,"column":16}},"31":{"start":{"line":108,"column":2},"end":{"line":170,"column":3}},"32":{"start":{"line":110,"column":4},"end":{"line":167,"column":7}},"33":{"start":{"line":112,"column":20},"end":{"line":123,"column":8}},"34":{"start":{"line":126,"column":29},"end":{"line":131,"column":9}},"35":{"start":{"line":126,"column":67},"end":{"line":131,"column":8}},"36":{"start":{"line":133,"column":6},"end":{"line":135,"column":9}},"37":{"start":{"line":138,"column":6},"end":{"line":159,"column":7}},"38":{"start":{"line":139,"column":31},"end":{"line":150,"column":10}},"39":{"start":{"line":153,"column":8},"end":{"line":158,"column":9}},"40":{"start":{"line":154,"column":10},"end":{"line":157,"column":12}},"41":{"start":{"line":162,"column":6},"end":{"line":164,"column":9}},"42":{"start":{"line":166,"column":6},"end":{"line":166,"column":19}},"43":{"start":{"line":169,"column":4},"end":{"line":169,"column":16}}},"fnMap":{"0":{"name":"validateCartItems","decl":{"start":{"line":8,"column":22},"end":{"line":8,"column":39}},"loc":{"start":{"line":8,"column":58},"end":{"line":50,"column":1}}},"1":{"name":"createPaymentTransaction","decl":{"start":{"line":52,"column":22},"end":{"line":52,"column":46}},"loc":{"start":{"line":56,"column":1},"end":{"line":89,"column":1}}},"2":{"name":"createOrderTransaction","decl":{"start":{"line":91,"column":22},"end":{"line":91,"column":44}},"loc":{"start":{"line":107,"column":1},"end":{"line":171,"column":1}}},"3":{"name":"(anonymous_3)","decl":{"start":{"line":110,"column":37},"end":{"line":110,"column":42}},"loc":{"start":{"line":110,"column":50},"end":{"line":167,"column":5}}},"4":{"name":"(anonymous_4)","decl":{"start":{"line":126,"column":44},"end":{"line":126,"column":45}},"loc":{"start":{"line":126,"column":67},"end":{"line":131,"column":8}}}},"branchMap":{"0":{"loc":{"start":{"line":19,"column":6},"end":{"line":21,"column":7}},"type":"if","locations":[{"start":{"line":19,"column":6},"end":{"line":21,"column":7}},{"start":{},"end":{}}]},"1":{"loc":{"start":{"line":23,"column":6},"end":{"line":28,"column":7}},"type":"if","locations":[{"start":{"line":23,"column":6},"end":{"line":28,"column":7}},{"start":{},"end":{}}]},"2":{"loc":{"start":{"line":30,"column":6},"end":{"line":35,"column":7}},"type":"if","locations":[{"start":{"line":30,"column":6},"end":{"line":35,"column":7}},{"start":{},"end":{}}]},"3":{"loc":{"start":{"line":38,"column":6},"end":{"line":43,"column":7}},"type":"if","locations":[{"start":{"line":38,"column":6},"end":{"line":43,"column":7}},{"start":{},"end":{}}]},"4":{"loc":{"start":{"line":63,"column":4},"end":{"line":65,"column":5}},"type":"if","locations":[{"start":{"line":63,"column":4},"end":{"line":65,"column":5}},{"start":{},"end":{}}]},"5":{"loc":{"start":{"line":80,"column":4},"end":{"line":82,"column":5}},"type":"if","locations":[{"start":{"line":80,"column":4},"end":{"line":82,"column":5}},{"start":{},"end":{}}]},"6":{"loc":{"start":{"line":153,"column":8},"end":{"line":158,"column":9}},"type":"if","locations":[{"start":{"line":153,"column":8},"end":{"line":158,"column":9}},{"start":{},"end":{}}]}},"s":{"0":1,"1":1,"2":1,"3":1,"4":1,"5":1,"6":5,"7":5,"8":5,"9":5,"10":5,"11":1,"12":4,"13":1,"14":3,"15":1,"16":2,"17":1,"18":1,"19":4,"20":4,"21":4,"22":4,"23":1,"24":3,"25":3,"26":2,"27":1,"28":1,"29":1,"30":3,"31":2,"32":2,"33":2,"34":2,"35":4,"36":2,"37":2,"38":3,"39":3,"40":1,"41":1,"42":1,"43":1},"f":{"0":5,"1":4,"2":2,"3":2,"4":4},"b":{"0":[1,4],"1":[1,3],"2":[1,2],"3":[1,1],"4":[1,3],"5":[1,1],"6":[1,2]}}
,"F:\\NAHALIL\\Portofolio\\BekuMart\\backend\\src\\services\\addressServices.ts": {"path":"F:\\NAHALIL\\Portofolio\\BekuMart\\backend\\src\\services\\addressServices.ts","statementMap":{"0":{"start":{"line":5,"column":0},"end":{"line":5,"column":7}},"1":{"start":{"line":17,"column":0},"end":{"line":17,"column":7}},"2":{"start":{"line":40,"column":0},"end":{"line":40,"column":7}},"3":{"start":{"line":72,"column":0},"end":{"line":72,"column":7}},"4":{"start":{"line":107,"column":0},"end":{"line":107,"column":7}},"5":{"start":{"line":2,"column":0},"end":{"line":2,"column":39}},"6":{"start":{"line":3,"column":0},"end":{"line":3,"column":45}},"7":{"start":{"line":6,"column":2},"end":{"line":14,"column":3}},"8":{"start":{"line":7,"column":22},"end":{"line":10,"column":6}},"9":{"start":{"line":11,"column":4},"end":{"line":11,"column":21}},"10":{"start":{"line":13,"column":4},"end":{"line":13,"column":16}},"11":{"start":{"line":18,"column":2},"end":{"line":37,"column":3}},"12":{"start":{"line":19,"column":20},"end":{"line":32,"column":6}},"13":{"start":{"line":20,"column":6},"end":{"line":25,"column":9}},"14":{"start":{"line":27,"column":26},"end":{"line":29,"column":8}},"15":{"start":{"line":31,"column":6},"end":{"line":31,"column":25}},"16":{"start":{"line":34,"column":4},"end":{"line":34,"column":19}},"17":{"start":{"line":36,"column":4},"end":{"line":36,"column":16}},"18":{"start":{"line":44,"column":2},"end":{"line":69,"column":3}},"19":{"start":{"line":45,"column":28},"end":{"line":47,"column":6}},"20":{"start":{"line":49,"column":4},"end":{"line":51,"column":5}},"21":{"start":{"line":50,"column":6},"end":{"line":50,"column":51}},"22":{"start":{"line":53,"column":27},"end":{"line":65,"column":6}},"23":{"start":{"line":66,"column":4},"end":{"line":66,"column":26}},"24":{"start":{"line":68,"column":4},"end":{"line":68,"column":16}},"25":{"start":{"line":76,"column":2},"end":{"line":104,"column":3}},"26":{"start":{"line":77,"column":20},"end":{"line":79,"column":6}},"27":{"start":{"line":81,"column":4},"end":{"line":83,"column":5}},"28":{"start":{"line":82,"column":6},"end":{"line":82,"column":51}},"29":{"start":{"line":85,"column":19},"end":{"line":100,"column":6}},"30":{"start":{"line":86,"column":6},"end":{"line":92,"column":9}},"31":{"start":{"line":94,"column":29},"end":{"line":97,"column":8}},"32":{"start":{"line":99,"column":6},"end":{"line":99,"column":28}},"33":{"start":{"line":101,"column":4},"end":{"line":101,"column":18}},"34":{"start":{"line":103,"column":4},"end":{"line":103,"column":16}},"35":{"start":{"line":108,"column":2},"end":{"line":122,"column":3}},"36":{"start":{"line":109,"column":20},"end":{"line":113,"column":6}},"37":{"start":{"line":115,"column":4},"end":{"line":115,"column":63}},"38":{"start":{"line":115,"column":18},"end":{"line":115,"column":63}},"39":{"start":{"line":117,"column":4},"end":{"line":119,"column":7}},"40":{"start":{"line":121,"column":4},"end":{"line":121,"column":16}}},"fnMap":{"0":{"name":"GetAddressesByUserIdService","decl":{"start":{"line":5,"column":22},"end":{"line":5,"column":49}},"loc":{"start":{"line":5,"column":64},"end":{"line":15,"column":1}}},"1":{"name":"CreateAddressService","decl":{"start":{"line":17,"column":22},"end":{"line":17,"column":42}},"loc":{"start":{"line":17,"column":77},"end":{"line":38,"column":1}}},"2":{"name":"(anonymous_2)","decl":{"start":{"line":19,"column":46},"end":{"line":19,"column":51}},"loc":{"start":{"line":19,"column":59},"end":{"line":32,"column":5}}},"3":{"name":"EditAddressByIdService","decl":{"start":{"line":40,"column":22},"end":{"line":40,"column":44}},"loc":{"start":{"line":42,"column":32},"end":{"line":70,"column":1}}},"4":{"name":"SetDefaultAddressService","decl":{"start":{"line":72,"column":22},"end":{"line":72,"column":46}},"loc":{"start":{"line":74,"column":16},"end":{"line":105,"column":1}}},"5":{"name":"(anonymous_5)","decl":{"start":{"line":85,"column":45},"end":{"line":85,"column":50}},"loc":{"start":{"line":85,"column":58},"end":{"line":100,"column":5}}},"6":{"name":"DeleteAddressByIdService","decl":{"start":{"line":107,"column":22},"end":{"line":107,"column":46}},"loc":{"start":{"line":107,"column":64},"end":{"line":123,"column":1}}}},"branchMap":{"0":{"loc":{"start":{"line":49,"column":4},"end":{"line":51,"column":5}},"type":"if","locations":[{"start":{"line":49,"column":4},"end":{"line":51,"column":5}},{"start":{},"end":{}}]},"1":{"loc":{"start":{"line":56,"column":18},"end":{"line":56,"column":66}},"type":"binary-expr","locations":[{"start":{"line":56,"column":18},"end":{"line":56,"column":38}},{"start":{"line":56,"column":42},"end":{"line":56,"column":66}}]},"2":{"loc":{"start":{"line":57,"column":16},"end":{"line":57,"column":60}},"type":"binary-expr","locations":[{"start":{"line":57,"column":16},"end":{"line":57,"column":34}},{"start":{"line":57,"column":38},"end":{"line":57,"column":60}}]},"3":{"loc":{"start":{"line":58,"column":21},"end":{"line":58,"column":75}},"type":"binary-expr","locations":[{"start":{"line":58,"column":21},"end":{"line":58,"column":44}},{"start":{"line":58,"column":48},"end":{"line":58,"column":75}}]},"4":{"loc":{"start":{"line":59,"column":18},"end":{"line":59,"column":66}},"type":"binary-expr","locations":[{"start":{"line":59,"column":18},"end":{"line":59,"column":38}},{"start":{"line":59,"column":42},"end":{"line":59,"column":66}}]},"5":{"loc":{"start":{"line":60,"column":14},"end":{"line":60,"column":54}},"type":"binary-expr","locations":[{"start":{"line":60,"column":14},"end":{"line":60,"column":30}},{"start":{"line":60,"column":34},"end":{"line":60,"column":54}}]},"6":{"loc":{"start":{"line":61,"column":18},"end":{"line":61,"column":66}},"type":"binary-expr","locations":[{"start":{"line":61,"column":18},"end":{"line":61,"column":38}},{"start":{"line":61,"column":42},"end":{"line":61,"column":66}}]},"7":{"loc":{"start":{"line":62,"column":20},"end":{"line":62,"column":72}},"type":"binary-expr","locations":[{"start":{"line":62,"column":20},"end":{"line":62,"column":42}},{"start":{"line":62,"column":46},"end":{"line":62,"column":72}}]},"8":{"loc":{"start":{"line":63,"column":15},"end":{"line":63,"column":57}},"type":"binary-expr","locations":[{"start":{"line":63,"column":15},"end":{"line":63,"column":32}},{"start":{"line":63,"column":36},"end":{"line":63,"column":57}}]},"9":{"loc":{"start":{"line":81,"column":4},"end":{"line":83,"column":5}},"type":"if","locations":[{"start":{"line":81,"column":4},"end":{"line":83,"column":5}},{"start":{},"end":{}}]},"10":{"loc":{"start":{"line":81,"column":8},"end":{"line":81,"column":45}},"type":"binary-expr","locations":[{"start":{"line":81,"column":8},"end":{"line":81,"column":16}},{"start":{"line":81,"column":20},"end":{"line":81,"column":45}}]},"11":{"loc":{"start":{"line":115,"column":4},"end":{"line":115,"column":63}},"type":"if","locations":[{"start":{"line":115,"column":4},"end":{"line":115,"column":63}},{"start":{},"end":{}}]}},"s":{"0":1,"1":1,"2":1,"3":1,"4":1,"5":1,"6":1,"7":1,"8":1,"9":1,"10":0,"11":1,"12":1,"13":1,"14":1,"15":1,"16":1,"17":0,"18":2,"19":2,"20":2,"21":1,"22":1,"23":1,"24":1,"25":3,"26":3,"27":3,"28":2,"29":1,"30":1,"31":1,"32":1,"33":1,"34":2,"35":2,"36":2,"37":2,"38":1,"39":1,"40":1},"f":{"0":1,"1":1,"2":1,"3":2,"4":3,"5":1,"6":2},"b":{"0":[1,1],"1":[1,0],"2":[1,0],"3":[1,0],"4":[1,0],"5":[1,0],"6":[1,0],"7":[1,0],"8":[1,0],"9":[2,1],"10":[3,2],"11":[1,1]}}
,"F:\\NAHALIL\\Portofolio\\BekuMart\\backend\\src\\services\\authServices.ts": {"path":"F:\\NAHALIL\\Portofolio\\BekuMart\\backend\\src\\services\\authServices.ts","statementMap":{"0":{"start":{"line":9,"column":0},"end":{"line":9,"column":7}},"1":{"start":{"line":45,"column":0},"end":{"line":45,"column":7}},"2":{"start":{"line":102,"column":0},"end":{"line":102,"column":7}},"3":{"start":{"line":174,"column":0},"end":{"line":174,"column":7}},"4":{"start":{"line":193,"column":0},"end":{"line":193,"column":7}},"5":{"start":{"line":218,"column":0},"end":{"line":218,"column":7}},"6":{"start":{"line":266,"column":0},"end":{"line":266,"column":7}},"7":{"start":{"line":1,"column":0},"end":{"line":1,"column":53}},"8":{"start":{"line":3,"column":0},"end":{"line":3,"column":39}},"9":{"start":{"line":4,"column":0},"end":{"line":4,"column":55}},"10":{"start":{"line":5,"column":0},"end":{"line":5,"column":60}},"11":{"start":{"line":6,"column":0},"end":{"line":6,"column":45}},"12":{"start":{"line":7,"column":0},"end":{"line":7,"column":66}},"13":{"start":{"line":10,"column":2},"end":{"line":42,"column":3}},"14":{"start":{"line":11,"column":38},"end":{"line":11,"column":46}},"15":{"start":{"line":13,"column":25},"end":{"line":13,"column":53}},"16":{"start":{"line":15,"column":4},"end":{"line":15,"column":74}},"17":{"start":{"line":15,"column":22},"end":{"line":15,"column":74}},"18":{"start":{"line":17,"column":17},"end":{"line":17,"column":41}},"19":{"start":{"line":18,"column":27},"end":{"line":18,"column":60}},"20":{"start":{"line":20,"column":4},"end":{"line":20,"column":76}},"21":{"start":{"line":20,"column":25},"end":{"line":20,"column":76}},"22":{"start":{"line":22,"column":20},"end":{"line":37,"column":6}},"23":{"start":{"line":23,"column":26},"end":{"line":30,"column":8}},"24":{"start":{"line":32,"column":6},"end":{"line":34,"column":9}},"25":{"start":{"line":36,"column":6},"end":{"line":36,"column":25}},"26":{"start":{"line":39,"column":4},"end":{"line":39,"column":19}},"27":{"start":{"line":41,"column":4},"end":{"line":41,"column":16}},"28":{"start":{"line":46,"column":2},"end":{"line":99,"column":3}},"29":{"start":{"line":47,"column":32},"end":{"line":47,"column":40}},"30":{"start":{"line":49,"column":17},"end":{"line":49,"column":45}},"31":{"start":{"line":51,"column":4},"end":{"line":51,"column":57}},"32":{"start":{"line":51,"column":15},"end":{"line":51,"column":57}},"33":{"start":{"line":53,"column":22},"end":{"line":53,"column":77}},"34":{"start":{"line":55,"column":4},"end":{"line":55,"column":66}},"35":{"start":{"line":55,"column":20},"end":{"line":55,"column":66}},"36":{"start":{"line":57,"column":26},"end":{"line":64,"column":6}},"37":{"start":{"line":66,"column":27},"end":{"line":69,"column":6}},"38":{"start":{"line":71,"column":24},"end":{"line":73,"column":6}},"39":{"start":{"line":74,"column":25},"end":{"line":76,"column":6}},"40":{"start":{"line":78,"column":4},"end":{"line":79,"column":58}},"41":{"start":{"line":79,"column":6},"end":{"line":79,"column":58}},"42":{"start":{"line":81,"column":4},"end":{"line":94,"column":7}},"43":{"start":{"line":82,"column":6},"end":{"line":85,"column":9}},"44":{"start":{"line":87,"column":6},"end":{"line":93,"column":9}},"45":{"start":{"line":96,"column":4},"end":{"line":96,"column":41}},"46":{"start":{"line":98,"column":4},"end":{"line":98,"column":16}},"47":{"start":{"line":106,"column":2},"end":{"line":171,"column":3}},"48":{"start":{"line":107,"column":28},"end":{"line":107,"column":36}},"49":{"start":{"line":109,"column":17},"end":{"line":109,"column":45}},"50":{"start":{"line":111,"column":18},"end":{"line":111,"column":22}},"51":{"start":{"line":113,"column":4},"end":{"line":128,"column":5}},"52":{"start":{"line":114,"column":6},"end":{"line":127,"column":9}},"53":{"start":{"line":115,"column":28},"end":{"line":120,"column":10}},"54":{"start":{"line":122,"column":8},"end":{"line":124,"column":11}},"55":{"start":{"line":126,"column":8},"end":{"line":126,"column":27}},"56":{"start":{"line":130,"column":26},"end":{"line":137,"column":6}},"57":{"start":{"line":139,"column":27},"end":{"line":142,"column":6}},"58":{"start":{"line":144,"column":24},"end":{"line":146,"column":6}},"59":{"start":{"line":147,"column":25},"end":{"line":149,"column":6}},"60":{"start":{"line":151,"column":4},"end":{"line":152,"column":58}},"61":{"start":{"line":152,"column":6},"end":{"line":152,"column":58}},"62":{"start":{"line":154,"column":4},"end":{"line":167,"column":7}},"63":{"start":{"line":155,"column":6},"end":{"line":158,"column":9}},"64":{"start":{"line":160,"column":6},"end":{"line":166,"column":9}},"65":{"start":{"line":168,"column":4},"end":{"line":168,"column":41}},"66":{"start":{"line":170,"column":4},"end":{"line":170,"column":16}},"67":{"start":{"line":175,"column":2},"end":{"line":190,"column":3}},"68":{"start":{"line":176,"column":22},"end":{"line":178,"column":6}},"69":{"start":{"line":180,"column":4},"end":{"line":180,"column":27}},"70":{"start":{"line":180,"column":20},"end":{"line":180,"column":27}},"71":{"start":{"line":182,"column":4},"end":{"line":182,"column":45}},"72":{"start":{"line":182,"column":38},"end":{"line":182,"column":45}},"73":{"start":{"line":184,"column":4},"end":{"line":187,"column":7}},"74":{"start":{"line":189,"column":4},"end":{"line":189,"column":16}},"75":{"start":{"line":194,"column":2},"end":{"line":215,"column":3}},"76":{"start":{"line":195,"column":20},"end":{"line":195,"column":74}},"77":{"start":{"line":197,"column":17},"end":{"line":197,"column":53}},"78":{"start":{"line":198,"column":4},"end":{"line":198,"column":58}},"79":{"start":{"line":198,"column":15},"end":{"line":198,"column":58}},"80":{"start":{"line":200,"column":17},"end":{"line":200,"column":41}},"81":{"start":{"line":201,"column":27},"end":{"line":201,"column":60}},"82":{"start":{"line":203,"column":4},"end":{"line":203,"column":76}},"83":{"start":{"line":203,"column":25},"end":{"line":203,"column":76}},"84":{"start":{"line":205,"column":4},"end":{"line":212,"column":7}},"85":{"start":{"line":214,"column":4},"end":{"line":214,"column":16}},"86":{"start":{"line":219,"column":2},"end":{"line":263,"column":3}},"87":{"start":{"line":220,"column":22},"end":{"line":222,"column":6}},"88":{"start":{"line":224,"column":4},"end":{"line":226,"column":5}},"89":{"start":{"line":225,"column":6},"end":{"line":225,"column":72}},"90":{"start":{"line":228,"column":4},"end":{"line":230,"column":5}},"91":{"start":{"line":229,"column":6},"end":{"line":229,"column":73}},"92":{"start":{"line":232,"column":20},"end":{"line":234,"column":null}},"93":{"start":{"line":237,"column":17},"end":{"line":241,"column":6}},"94":{"start":{"line":243,"column":4},"end":{"line":243,"column":57}},"95":{"start":{"line":243,"column":15},"end":{"line":243,"column":57}},"96":{"start":{"line":245,"column":26},"end":{"line":252,"column":6}},"97":{"start":{"line":254,"column":24},"end":{"line":256,"column":6}},"98":{"start":{"line":258,"column":4},"end":{"line":258,"column":74}},"99":{"start":{"line":258,"column":22},"end":{"line":258,"column":74}},"100":{"start":{"line":260,"column":4},"end":{"line":260,"column":23}},"101":{"start":{"line":262,"column":4},"end":{"line":262,"column":16}},"102":{"start":{"line":267,"column":2},"end":{"line":298,"column":3}},"103":{"start":{"line":268,"column":22},"end":{"line":270,"column":6}},"104":{"start":{"line":272,"column":4},"end":{"line":274,"column":5}},"105":{"start":{"line":273,"column":6},"end":{"line":273,"column":72}},"106":{"start":{"line":276,"column":4},"end":{"line":278,"column":5}},"107":{"start":{"line":277,"column":6},"end":{"line":277,"column":73}},"108":{"start":{"line":280,"column":20},"end":{"line":282,"column":null}},"109":{"start":{"line":285,"column":19},"end":{"line":285,"column":29}},"110":{"start":{"line":287,"column":17},"end":{"line":289,"column":6}},"111":{"start":{"line":291,"column":4},"end":{"line":293,"column":5}},"112":{"start":{"line":292,"column":6},"end":{"line":292,"column":48}},"113":{"start":{"line":295,"column":4},"end":{"line":295,"column":32}},"114":{"start":{"line":297,"column":4},"end":{"line":297,"column":16}}},"fnMap":{"0":{"name":"RegisterService","decl":{"start":{"line":9,"column":22},"end":{"line":9,"column":37}},"loc":{"start":{"line":9,"column":57},"end":{"line":43,"column":1}}},"1":{"name":"(anonymous_11)","decl":{"start":{"line":22,"column":46},"end":{"line":22,"column":51}},"loc":{"start":{"line":22,"column":59},"end":{"line":37,"column":5}}},"2":{"name":"LoginService","decl":{"start":{"line":45,"column":22},"end":{"line":45,"column":34}},"loc":{"start":{"line":45,"column":51},"end":{"line":100,"column":1}}},"3":{"name":"(anonymous_13)","decl":{"start":{"line":81,"column":30},"end":{"line":81,"column":35}},"loc":{"start":{"line":81,"column":43},"end":{"line":94,"column":5}}},"4":{"name":"GoogleLoginService","decl":{"start":{"line":102,"column":22},"end":{"line":102,"column":40}},"loc":{"start":{"line":105,"column":1},"end":{"line":172,"column":1}}},"5":{"name":"(anonymous_15)","decl":{"start":{"line":114,"column":42},"end":{"line":114,"column":47}},"loc":{"start":{"line":114,"column":55},"end":{"line":127,"column":7}}},"6":{"name":"(anonymous_16)","decl":{"start":{"line":154,"column":30},"end":{"line":154,"column":35}},"loc":{"start":{"line":154,"column":43},"end":{"line":167,"column":5}}},"7":{"name":"LogOutService","decl":{"start":{"line":174,"column":22},"end":{"line":174,"column":35}},"loc":{"start":{"line":174,"column":56},"end":{"line":191,"column":1}}},"8":{"name":"SetPasswordService","decl":{"start":{"line":193,"column":22},"end":{"line":193,"column":40}},"loc":{"start":{"line":193,"column":72},"end":{"line":216,"column":1}}},"9":{"name":"RefreshTokenService","decl":{"start":{"line":218,"column":22},"end":{"line":218,"column":41}},"loc":{"start":{"line":218,"column":62},"end":{"line":264,"column":1}}},"10":{"name":"CheckService","decl":{"start":{"line":266,"column":22},"end":{"line":266,"column":34}},"loc":{"start":{"line":266,"column":55},"end":{"line":299,"column":1}}}},"branchMap":{"0":{"loc":{"start":{"line":15,"column":4},"end":{"line":15,"column":74}},"type":"if","locations":[{"start":{"line":15,"column":4},"end":{"line":15,"column":74}},{"start":{},"end":{}}]},"1":{"loc":{"start":{"line":20,"column":4},"end":{"line":20,"column":76}},"type":"if","locations":[{"start":{"line":20,"column":4},"end":{"line":20,"column":76}},{"start":{},"end":{}}]},"2":{"loc":{"start":{"line":51,"column":4},"end":{"line":51,"column":57}},"type":"if","locations":[{"start":{"line":51,"column":4},"end":{"line":51,"column":57}},{"start":{},"end":{}}]},"3":{"loc":{"start":{"line":55,"column":4},"end":{"line":55,"column":66}},"type":"if","locations":[{"start":{"line":55,"column":4},"end":{"line":55,"column":66}},{"start":{},"end":{}}]},"4":{"loc":{"start":{"line":78,"column":4},"end":{"line":79,"column":58}},"type":"if","locations":[{"start":{"line":78,"column":4},"end":{"line":79,"column":58}},{"start":{},"end":{}}]},"5":{"loc":{"start":{"line":78,"column":8},"end":{"line":78,"column":37}},"type":"binary-expr","locations":[{"start":{"line":78,"column":8},"end":{"line":78,"column":20}},{"start":{"line":78,"column":24},"end":{"line":78,"column":37}}]},"6":{"loc":{"start":{"line":113,"column":4},"end":{"line":128,"column":5}},"type":"if","locations":[{"start":{"line":113,"column":4},"end":{"line":128,"column":5}},{"start":{},"end":{}}]},"7":{"loc":{"start":{"line":151,"column":4},"end":{"line":152,"column":58}},"type":"if","locations":[{"start":{"line":151,"column":4},"end":{"line":152,"column":58}},{"start":{},"end":{}}]},"8":{"loc":{"start":{"line":151,"column":8},"end":{"line":151,"column":37}},"type":"binary-expr","locations":[{"start":{"line":151,"column":8},"end":{"line":151,"column":20}},{"start":{"line":151,"column":24},"end":{"line":151,"column":37}}]},"9":{"loc":{"start":{"line":180,"column":4},"end":{"line":180,"column":27}},"type":"if","locations":[{"start":{"line":180,"column":4},"end":{"line":180,"column":27}},{"start":{},"end":{}}]},"10":{"loc":{"start":{"line":182,"column":4},"end":{"line":182,"column":45}},"type":"if","locations":[{"start":{"line":182,"column":4},"end":{"line":182,"column":45}},{"start":{},"end":{}}]},"11":{"loc":{"start":{"line":198,"column":4},"end":{"line":198,"column":58}},"type":"if","locations":[{"start":{"line":198,"column":4},"end":{"line":198,"column":58}},{"start":{},"end":{}}]},"12":{"loc":{"start":{"line":203,"column":4},"end":{"line":203,"column":76}},"type":"if","locations":[{"start":{"line":203,"column":4},"end":{"line":203,"column":76}},{"start":{},"end":{}}]},"13":{"loc":{"start":{"line":224,"column":4},"end":{"line":226,"column":5}},"type":"if","locations":[{"start":{"line":224,"column":4},"end":{"line":226,"column":5}},{"start":{},"end":{}}]},"14":{"loc":{"start":{"line":228,"column":4},"end":{"line":230,"column":5}},"type":"if","locations":[{"start":{"line":228,"column":4},"end":{"line":230,"column":5}},{"start":{},"end":{}}]},"15":{"loc":{"start":{"line":243,"column":4},"end":{"line":243,"column":57}},"type":"if","locations":[{"start":{"line":243,"column":4},"end":{"line":243,"column":57}},{"start":{},"end":{}}]},"16":{"loc":{"start":{"line":258,"column":4},"end":{"line":258,"column":74}},"type":"if","locations":[{"start":{"line":258,"column":4},"end":{"line":258,"column":74}},{"start":{},"end":{}}]},"17":{"loc":{"start":{"line":272,"column":4},"end":{"line":274,"column":5}},"type":"if","locations":[{"start":{"line":272,"column":4},"end":{"line":274,"column":5}},{"start":{},"end":{}}]},"18":{"loc":{"start":{"line":276,"column":4},"end":{"line":278,"column":5}},"type":"if","locations":[{"start":{"line":276,"column":4},"end":{"line":278,"column":5}},{"start":{},"end":{}}]},"19":{"loc":{"start":{"line":291,"column":4},"end":{"line":293,"column":5}},"type":"if","locations":[{"start":{"line":291,"column":4},"end":{"line":293,"column":5}},{"start":{},"end":{}}]}},"s":{"0":1,"1":1,"2":1,"3":1,"4":1,"5":1,"6":1,"7":1,"8":1,"9":1,"10":1,"11":1,"12":1,"13":3,"14":3,"15":3,"16":3,"17":1,"18":2,"19":2,"20":1,"21":0,"22":1,"23":1,"24":1,"25":1,"26":1,"27":2,"28":4,"29":4,"30":4,"31":4,"32":1,"33":3,"34":3,"35":1,"36":2,"37":2,"38":2,"39":2,"40":2,"41":1,"42":1,"43":1,"44":1,"45":1,"46":3,"47":4,"48":4,"49":4,"50":4,"51":4,"52":1,"53":1,"54":1,"55":1,"56":4,"57":4,"58":4,"59":4,"60":4,"61":1,"62":3,"63":3,"64":2,"65":2,"66":2,"67":3,"68":3,"69":3,"70":1,"71":2,"72":1,"73":1,"74":0,"75":5,"76":5,"77":3,"78":3,"79":1,"80":2,"81":2,"82":1,"83":0,"84":1,"85":4,"86":7,"87":7,"88":7,"89":1,"90":6,"91":1,"92":5,"93":3,"94":3,"95":1,"96":2,"97":2,"98":2,"99":1,"100":1,"101":6,"102":6,"103":6,"104":6,"105":1,"106":5,"107":1,"108":4,"109":2,"110":2,"111":2,"112":1,"113":1,"114":5},"f":{"0":3,"1":1,"2":4,"3":1,"4":4,"5":1,"6":3,"7":3,"8":5,"9":7,"10":6},"b":{"0":[1,2],"1":[0,1],"2":[1,3],"3":[1,2],"4":[1,1],"5":[2,2],"6":[1,3],"7":[1,3],"8":[4,4],"9":[1,2],"10":[1,1],"11":[1,2],"12":[0,1],"13":[1,6],"14":[1,5],"15":[1,2],"16":[1,1],"17":[1,5],"18":[1,4],"19":[1,1]}}
,"F:\\NAHALIL\\Portofolio\\BekuMart\\backend\\src\\services\\cartServices.ts": {"path":"F:\\NAHALIL\\Portofolio\\BekuMart\\backend\\src\\services\\cartServices.ts","statementMap":{"0":{"start":{"line":4,"column":0},"end":{"line":4,"column":7}},"1":{"start":{"line":47,"column":0},"end":{"line":47,"column":7}},"2":{"start":{"line":106,"column":0},"end":{"line":106,"column":7}},"3":{"start":{"line":128,"column":0},"end":{"line":128,"column":7}},"4":{"start":{"line":1,"column":0},"end":{"line":1,"column":39}},"5":{"start":{"line":2,"column":0},"end":{"line":2,"column":45}},"6":{"start":{"line":5,"column":2},"end":{"line":44,"column":3}},"7":{"start":{"line":6,"column":17},"end":{"line":20,"column":6}},"8":{"start":{"line":22,"column":4},"end":{"line":24,"column":5}},"9":{"start":{"line":23,"column":6},"end":{"line":23,"column":48}},"10":{"start":{"line":26,"column":19},"end":{"line":33,"column":null}},"11":{"start":{"line":28,"column":8},"end":{"line":28,"column":43}},"12":{"start":{"line":29,"column":8},"end":{"line":29,"column":67}},"13":{"start":{"line":30,"column":8},"end":{"line":30,"column":61}},"14":{"start":{"line":31,"column":8},"end":{"line":31,"column":19}},"15":{"start":{"line":36,"column":4},"end":{"line":41,"column":6}},"16":{"start":{"line":43,"column":4},"end":{"line":43,"column":16}},"17":{"start":{"line":52,"column":2},"end":{"line":103,"column":3}},"18":{"start":{"line":53,"column":20},"end":{"line":56,"column":6}},"19":{"start":{"line":58,"column":4},"end":{"line":58,"column":64}},"20":{"start":{"line":58,"column":18},"end":{"line":58,"column":64}},"21":{"start":{"line":60,"column":4},"end":{"line":61,"column":61}},"22":{"start":{"line":61,"column":6},"end":{"line":61,"column":61}},"23":{"start":{"line":63,"column":17},"end":{"line":66,"column":6}},"24":{"start":{"line":68,"column":4},"end":{"line":68,"column":57}},"25":{"start":{"line":68,"column":15},"end":{"line":68,"column":57}},"26":{"start":{"line":70,"column":25},"end":{"line":72,"column":6}},"27":{"start":{"line":74,"column":19},"end":{"line":98,"column":6}},"28":{"start":{"line":75,"column":6},"end":{"line":84,"column":7}},"29":{"start":{"line":76,"column":8},"end":{"line":79,"column":11}},"30":{"start":{"line":81,"column":8},"end":{"line":83,"column":11}},"31":{"start":{"line":86,"column":6},"end":{"line":97,"column":9}},"32":{"start":{"line":100,"column":4},"end":{"line":100,"column":18}},"33":{"start":{"line":102,"column":4},"end":{"line":102,"column":16}},"34":{"start":{"line":110,"column":2},"end":{"line":125,"column":3}},"35":{"start":{"line":111,"column":21},"end":{"line":113,"column":6}},"36":{"start":{"line":115,"column":4},"end":{"line":115,"column":69}},"37":{"start":{"line":115,"column":19},"end":{"line":115,"column":69}},"38":{"start":{"line":117,"column":24},"end":{"line":120,"column":6}},"39":{"start":{"line":122,"column":4},"end":{"line":122,"column":23}},"40":{"start":{"line":124,"column":4},"end":{"line":124,"column":16}},"41":{"start":{"line":129,"column":2},"end":{"line":141,"column":3}},"42":{"start":{"line":130,"column":21},"end":{"line":132,"column":6}},"43":{"start":{"line":134,"column":4},"end":{"line":134,"column":69}},"44":{"start":{"line":134,"column":19},"end":{"line":134,"column":69}},"45":{"start":{"line":136,"column":4},"end":{"line":138,"column":7}},"46":{"start":{"line":140,"column":4},"end":{"line":140,"column":16}}},"fnMap":{"0":{"name":"GetUserCartService","decl":{"start":{"line":4,"column":22},"end":{"line":4,"column":40}},"loc":{"start":{"line":4,"column":55},"end":{"line":45,"column":1}}},"1":{"name":"(anonymous_1)","decl":{"start":{"line":27,"column":6},"end":{"line":27,"column":7}},"loc":{"start":{"line":27,"column":20},"end":{"line":32,"column":7}}},"2":{"name":"AddItemToCartService","decl":{"start":{"line":47,"column":22},"end":{"line":47,"column":42}},"loc":{"start":{"line":50,"column":18},"end":{"line":104,"column":1}}},"3":{"name":"(anonymous_3)","decl":{"start":{"line":74,"column":45},"end":{"line":74,"column":50}},"loc":{"start":{"line":74,"column":58},"end":{"line":98,"column":5}}},"4":{"name":"UpdateItemInCartService","decl":{"start":{"line":106,"column":22},"end":{"line":106,"column":45}},"loc":{"start":{"line":108,"column":18},"end":{"line":126,"column":1}}},"5":{"name":"DeleteItemInCartService","decl":{"start":{"line":128,"column":22},"end":{"line":128,"column":45}},"loc":{"start":{"line":128,"column":60},"end":{"line":142,"column":1}}}},"branchMap":{"0":{"loc":{"start":{"line":22,"column":4},"end":{"line":24,"column":5}},"type":"if","locations":[{"start":{"line":22,"column":4},"end":{"line":24,"column":5}},{"start":{},"end":{}}]},"1":{"loc":{"start":{"line":58,"column":4},"end":{"line":58,"column":64}},"type":"if","locations":[{"start":{"line":58,"column":4},"end":{"line":58,"column":64}},{"start":{},"end":{}}]},"2":{"loc":{"start":{"line":60,"column":4},"end":{"line":61,"column":61}},"type":"if","locations":[{"start":{"line":60,"column":4},"end":{"line":61,"column":61}},{"start":{},"end":{}}]},"3":{"loc":{"start":{"line":68,"column":4},"end":{"line":68,"column":57}},"type":"if","locations":[{"start":{"line":68,"column":4},"end":{"line":68,"column":57}},{"start":{},"end":{}}]},"4":{"loc":{"start":{"line":75,"column":6},"end":{"line":84,"column":7}},"type":"if","locations":[{"start":{"line":75,"column":6},"end":{"line":84,"column":7}},{"start":{"line":80,"column":13},"end":{"line":84,"column":7}}]},"5":{"loc":{"start":{"line":115,"column":4},"end":{"line":115,"column":69}},"type":"if","locations":[{"start":{"line":115,"column":4},"end":{"line":115,"column":69}},{"start":{},"end":{}}]},"6":{"loc":{"start":{"line":134,"column":4},"end":{"line":134,"column":69}},"type":"if","locations":[{"start":{"line":134,"column":4},"end":{"line":134,"column":69}},{"start":{},"end":{}}]}},"s":{"0":1,"1":1,"2":1,"3":1,"4":1,"5":1,"6":3,"7":3,"8":2,"9":1,"10":1,"11":2,"12":2,"13":2,"14":2,"15":1,"16":2,"17":11,"18":11,"19":10,"20":1,"21":9,"22":1,"23":8,"24":7,"25":1,"26":6,"27":5,"28":4,"29":2,"30":2,"31":2,"32":2,"33":9,"34":4,"35":4,"36":3,"37":1,"38":2,"39":1,"40":3,"41":4,"42":4,"43":3,"44":1,"45":2,"46":3},"f":{"0":3,"1":2,"2":11,"3":4,"4":4,"5":4},"b":{"0":[1,1],"1":[1,9],"2":[1,8],"3":[1,6],"4":[2,2],"5":[1,2],"6":[1,2]}}
,"F:\\NAHALIL\\Portofolio\\BekuMart\\backend\\src\\services\\dashboardServices.ts": {"path":"F:\\NAHALIL\\Portofolio\\BekuMart\\backend\\src\\services\\dashboardServices.ts","statementMap":{"0":{"start":{"line":3,"column":0},"end":{"line":3,"column":7}},"1":{"start":{"line":47,"column":0},"end":{"line":47,"column":7}},"2":{"start":{"line":80,"column":0},"end":{"line":80,"column":7}},"3":{"start":{"line":99,"column":0},"end":{"line":99,"column":7}},"4":{"start":{"line":128,"column":0},"end":{"line":128,"column":7}},"5":{"start":{"line":1,"column":0},"end":{"line":1,"column":39}},"6":{"start":{"line":4,"column":2},"end":{"line":44,"column":3}},"7":{"start":{"line":5,"column":22},"end":{"line":9,"column":6}},"8":{"start":{"line":11,"column":25},"end":{"line":11,"column":56}},"9":{"start":{"line":12,"column":24},"end":{"line":12,"column":48}},"10":{"start":{"line":13,"column":30},"end":{"line":13,"column":78}},"11":{"start":{"line":16,"column":22},"end":{"line":16,"column":32}},"12":{"start":{"line":18,"column":4},"end":{"line":18,"column":66}},"13":{"start":{"line":20,"column":26},"end":{"line":27,"column":6}},"14":{"start":{"line":29,"column":23},"end":{"line":34,"column":36}},"15":{"start":{"line":30,"column":19},"end":{"line":30,"column":62}},"16":{"start":{"line":31,"column":6},"end":{"line":31,"column":36}},"17":{"start":{"line":31,"column":22},"end":{"line":31,"column":36}},"18":{"start":{"line":32,"column":6},"end":{"line":32,"column":37}},"19":{"start":{"line":33,"column":6},"end":{"line":33,"column":17}},"20":{"start":{"line":36,"column":22},"end":{"line":39,"column":7}},"21":{"start":{"line":36,"column":61},"end":{"line":39,"column":6}},"22":{"start":{"line":41,"column":4},"end":{"line":41,"column":71}},"23":{"start":{"line":43,"column":4},"end":{"line":43,"column":16}},"24":{"start":{"line":48,"column":2},"end":{"line":77,"column":3}},"25":{"start":{"line":49,"column":28},"end":{"line":54,"column":6}},"26":{"start":{"line":56,"column":27},"end":{"line":59,"column":6}},"27":{"start":{"line":57,"column":52},"end":{"line":57,"column":63}},"28":{"start":{"line":61,"column":24},"end":{"line":65,"column":7}},"29":{"start":{"line":61,"column":55},"end":{"line":65,"column":6}},"30":{"start":{"line":63,"column":35},"end":{"line":63,"column":58}},"31":{"start":{"line":67,"column":29},"end":{"line":72,"column":6}},"32":{"start":{"line":74,"column":4},"end":{"line":74,"column":45}},"33":{"start":{"line":76,"column":4},"end":{"line":76,"column":16}},"34":{"start":{"line":81,"column":2},"end":{"line":96,"column":3}},"35":{"start":{"line":82,"column":23},"end":{"line":84,"column":6}},"36":{"start":{"line":86,"column":26},"end":{"line":86,"column":36}},"37":{"start":{"line":87,"column":4},"end":{"line":87,"column":56}},"38":{"start":{"line":89,"column":21},"end":{"line":91,"column":6}},"39":{"start":{"line":93,"column":4},"end":{"line":93,"column":36}},"40":{"start":{"line":95,"column":4},"end":{"line":95,"column":16}},"41":{"start":{"line":100,"column":2},"end":{"line":125,"column":3}},"42":{"start":{"line":101,"column":25},"end":{"line":104,"column":6}},"43":{"start":{"line":107,"column":25},"end":{"line":116,"column":6}},"44":{"start":{"line":118,"column":24},"end":{"line":120,"column":6}},"45":{"start":{"line":122,"column":4},"end":{"line":122,"column":55}},"46":{"start":{"line":124,"column":4},"end":{"line":124,"column":16}},"47":{"start":{"line":129,"column":2},"end":{"line":154,"column":3}},"48":{"start":{"line":130,"column":29},"end":{"line":143,"column":6}},"49":{"start":{"line":146,"column":28},"end":{"line":149,"column":7}},"50":{"start":{"line":146,"column":60},"end":{"line":149,"column":6}},"51":{"start":{"line":151,"column":4},"end":{"line":151,"column":27}},"52":{"start":{"line":153,"column":4},"end":{"line":153,"column":16}}},"fnMap":{"0":{"name":"SalesSummaryService","decl":{"start":{"line":3,"column":22},"end":{"line":3,"column":41}},"loc":{"start":{"line":3,"column":55},"end":{"line":45,"column":1}}},"1":{"name":"(anonymous_1)","decl":{"start":{"line":29,"column":44},"end":{"line":29,"column":45}},"loc":{"start":{"line":29,"column":59},"end":{"line":34,"column":5}}},"2":{"name":"(anonymous_2)","decl":{"start":{"line":36,"column":50},"end":{"line":36,"column":51}},"loc":{"start":{"line":36,"column":61},"end":{"line":39,"column":6}}},"3":{"name":"ProductInsightsService","decl":{"start":{"line":47,"column":22},"end":{"line":47,"column":44}},"loc":{"start":{"line":47,"column":44},"end":{"line":78,"column":1}}},"4":{"name":"(anonymous_4)","decl":{"start":{"line":57,"column":45},"end":{"line":57,"column":46}},"loc":{"start":{"line":57,"column":52},"end":{"line":57,"column":63}}},"5":{"name":"(anonymous_5)","decl":{"start":{"line":61,"column":44},"end":{"line":61,"column":45}},"loc":{"start":{"line":61,"column":55},"end":{"line":65,"column":6}}},"6":{"name":"(anonymous_6)","decl":{"start":{"line":63,"column":28},"end":{"line":63,"column":29}},"loc":{"start":{"line":63,"column":35},"end":{"line":63,"column":58}}},"7":{"name":"CustomerInsightsService","decl":{"start":{"line":80,"column":22},"end":{"line":80,"column":45}},"loc":{"start":{"line":80,"column":45},"end":{"line":97,"column":1}}},"8":{"name":"OperationalSummaryService","decl":{"start":{"line":99,"column":22},"end":{"line":99,"column":47}},"loc":{"start":{"line":99,"column":47},"end":{"line":126,"column":1}}},"9":{"name":"CustomerOriginSummaryService","decl":{"start":{"line":128,"column":22},"end":{"line":128,"column":50}},"loc":{"start":{"line":128,"column":50},"end":{"line":155,"column":1}}},"10":{"name":"(anonymous_10)","decl":{"start":{"line":146,"column":49},"end":{"line":146,"column":50}},"loc":{"start":{"line":146,"column":60},"end":{"line":149,"column":6}}}},"branchMap":{"0":{"loc":{"start":{"line":11,"column":25},"end":{"line":11,"column":56}},"type":"binary-expr","locations":[{"start":{"line":11,"column":25},"end":{"line":11,"column":51}},{"start":{"line":11,"column":55},"end":{"line":11,"column":56}}]},"1":{"loc":{"start":{"line":12,"column":24},"end":{"line":12,"column":48}},"type":"binary-expr","locations":[{"start":{"line":12,"column":24},"end":{"line":12,"column":43}},{"start":{"line":12,"column":47},"end":{"line":12,"column":48}}]},"2":{"loc":{"start":{"line":13,"column":30},"end":{"line":13,"column":78}},"type":"cond-expr","locations":[{"start":{"line":13,"column":48},"end":{"line":13,"column":74}},{"start":{"line":13,"column":77},"end":{"line":13,"column":78}}]},"3":{"loc":{"start":{"line":18,"column":45},"end":{"line":18,"column":63}},"type":"cond-expr","locations":[{"start":{"line":18,"column":53},"end":{"line":18,"column":58}},{"start":{"line":18,"column":61},"end":{"line":18,"column":63}}]},"4":{"loc":{"start":{"line":31,"column":6},"end":{"line":31,"column":36}},"type":"if","locations":[{"start":{"line":31,"column":6},"end":{"line":31,"column":36}},{"start":{},"end":{}}]},"5":{"loc":{"start":{"line":63,"column":8},"end":{"line":63,"column":78}},"type":"binary-expr","locations":[{"start":{"line":63,"column":8},"end":{"line":63,"column":65}},{"start":{"line":63,"column":69},"end":{"line":63,"column":78}}]}},"s":{"0":1,"1":1,"2":1,"3":1,"4":1,"5":1,"6":2,"7":2,"8":2,"9":2,"10":2,"11":2,"12":2,"13":2,"14":2,"15":2,"16":2,"17":2,"18":2,"19":2,"20":2,"21":2,"22":2,"23":0,"24":2,"25":2,"26":2,"27":2,"28":2,"29":2,"30":3,"31":2,"32":2,"33":0,"34":2,"35":2,"36":2,"37":2,"38":2,"39":2,"40":0,"41":2,"42":2,"43":2,"44":2,"45":2,"46":0,"47":2,"48":2,"49":2,"50":2,"51":2,"52":0},"f":{"0":2,"1":2,"2":2,"3":2,"4":2,"5":2,"6":3,"7":2,"8":2,"9":2,"10":2},"b":{"0":[2,1],"1":[2,1],"2":[1,1],"3":[2,0],"4":[2,0],"5":[2,0]}}
,"F:\\NAHALIL\\Portofolio\\BekuMart\\backend\\src\\services\\orderServices.ts": {"path":"F:\\NAHALIL\\Portofolio\\BekuMart\\backend\\src\\services\\orderServices.ts","statementMap":{"0":{"start":{"line":12,"column":0},"end":{"line":12,"column":7}},"1":{"start":{"line":71,"column":0},"end":{"line":71,"column":7}},"2":{"start":{"line":98,"column":0},"end":{"line":98,"column":7}},"3":{"start":{"line":121,"column":0},"end":{"line":121,"column":7}},"4":{"start":{"line":134,"column":0},"end":{"line":134,"column":7}},"5":{"start":{"line":2,"column":0},"end":{"line":2,"column":39}},"6":{"start":{"line":3,"column":0},"end":{"line":3,"column":52}},"7":{"start":{"line":4,"column":0},"end":{"line":4,"column":67}},"8":{"start":{"line":5,"column":0},"end":{"line":5,"column":45}},"9":{"start":{"line":6,"column":0},"end":{"line":6,"column":null}},"10":{"start":{"line":20,"column":2},"end":{"line":68,"column":3}},"11":{"start":{"line":21,"column":17},"end":{"line":21,"column":49}},"12":{"start":{"line":23,"column":4},"end":{"line":25,"column":5}},"13":{"start":{"line":24,"column":6},"end":{"line":24,"column":47}},"14":{"start":{"line":27,"column":4},"end":{"line":38,"column":5}},"15":{"start":{"line":28,"column":26},"end":{"line":33,"column":8}},"16":{"start":{"line":35,"column":6},"end":{"line":37,"column":7}},"17":{"start":{"line":36,"column":8},"end":{"line":36,"column":80}},"18":{"start":{"line":40,"column":4},"end":{"line":40,"column":40}},"19":{"start":{"line":43,"column":21},"end":{"line":51,"column":6}},"20":{"start":{"line":54,"column":4},"end":{"line":63,"column":5}},"21":{"start":{"line":58,"column":27},"end":{"line":58,"column":67}},"22":{"start":{"line":59,"column":6},"end":{"line":62,"column":8}},"23":{"start":{"line":65,"column":4},"end":{"line":65,"column":24}},"24":{"start":{"line":67,"column":4},"end":{"line":67,"column":16}},"25":{"start":{"line":75,"column":2},"end":{"line":95,"column":3}},"26":{"start":{"line":76,"column":25},"end":{"line":89,"column":6}},"27":{"start":{"line":91,"column":4},"end":{"line":91,"column":45}},"28":{"start":{"line":92,"column":4},"end":{"line":92,"column":24}},"29":{"start":{"line":94,"column":4},"end":{"line":94,"column":16}},"30":{"start":{"line":99,"column":2},"end":{"line":118,"column":3}},"31":{"start":{"line":100,"column":23},"end":{"line":111,"column":6}},"32":{"start":{"line":113,"column":4},"end":{"line":113,"column":82}},"33":{"start":{"line":113,"column":33},"end":{"line":113,"column":82}},"34":{"start":{"line":115,"column":4},"end":{"line":115,"column":22}},"35":{"start":{"line":117,"column":4},"end":{"line":117,"column":16}},"36":{"start":{"line":122,"column":2},"end":{"line":131,"column":3}},"37":{"start":{"line":123,"column":19},"end":{"line":127,"column":6}},"38":{"start":{"line":128,"column":4},"end":{"line":128,"column":18}},"39":{"start":{"line":130,"column":4},"end":{"line":130,"column":16}},"40":{"start":{"line":135,"column":2},"end":{"line":154,"column":3}},"41":{"start":{"line":138,"column":4},"end":{"line":149,"column":5}},"42":{"start":{"line":139,"column":6},"end":{"line":143,"column":9}},"43":{"start":{"line":145,"column":6},"end":{"line":148,"column":9}},"44":{"start":{"line":151,"column":4},"end":{"line":151,"column":18}},"45":{"start":{"line":153,"column":4},"end":{"line":153,"column":16}}},"fnMap":{"0":{"name":"CreateOrderService","decl":{"start":{"line":12,"column":22},"end":{"line":12,"column":40}},"loc":{"start":{"line":18,"column":21},"end":{"line":69,"column":1}}},"1":{"name":"UpdateOrderStatusService","decl":{"start":{"line":71,"column":22},"end":{"line":71,"column":46}},"loc":{"start":{"line":73,"column":23},"end":{"line":96,"column":1}}},"2":{"name":"GetOrderItemsByOrderIdService","decl":{"start":{"line":98,"column":22},"end":{"line":98,"column":51}},"loc":{"start":{"line":98,"column":67},"end":{"line":119,"column":1}}},"3":{"name":"GetUserOrdersService","decl":{"start":{"line":121,"column":22},"end":{"line":121,"column":42}},"loc":{"start":{"line":121,"column":57},"end":{"line":132,"column":1}}},"4":{"name":"GetAllOrderService","decl":{"start":{"line":134,"column":22},"end":{"line":134,"column":40}},"loc":{"start":{"line":134,"column":63},"end":{"line":155,"column":1}}}},"branchMap":{"0":{"loc":{"start":{"line":23,"column":4},"end":{"line":25,"column":5}},"type":"if","locations":[{"start":{"line":23,"column":4},"end":{"line":25,"column":5}},{"start":{},"end":{}}]},"1":{"loc":{"start":{"line":27,"column":4},"end":{"line":38,"column":5}},"type":"if","locations":[{"start":{"line":27,"column":4},"end":{"line":38,"column":5}},{"start":{},"end":{}}]},"2":{"loc":{"start":{"line":27,"column":8},"end":{"line":27,"column":51}},"type":"binary-expr","locations":[{"start":{"line":27,"column":8},"end":{"line":27,"column":38}},{"start":{"line":27,"column":42},"end":{"line":27,"column":51}}]},"3":{"loc":{"start":{"line":35,"column":6},"end":{"line":37,"column":7}},"type":"if","locations":[{"start":{"line":35,"column":6},"end":{"line":37,"column":7}},{"start":{},"end":{}}]},"4":{"loc":{"start":{"line":54,"column":4},"end":{"line":63,"column":5}},"type":"if","locations":[{"start":{"line":54,"column":4},"end":{"line":63,"column":5}},{"start":{},"end":{}}]},"5":{"loc":{"start":{"line":55,"column":6},"end":{"line":56,"column":32}},"type":"binary-expr","locations":[{"start":{"line":55,"column":7},"end":{"line":55,"column":37}},{"start":{"line":55,"column":41},"end":{"line":55,"column":69}},{"start":{"line":56,"column":6},"end":{"line":56,"column":32}}]},"6":{"loc":{"start":{"line":113,"column":4},"end":{"line":113,"column":82}},"type":"if","locations":[{"start":{"line":113,"column":4},"end":{"line":113,"column":82}},{"start":{},"end":{}}]},"7":{"loc":{"start":{"line":138,"column":4},"end":{"line":149,"column":5}},"type":"if","locations":[{"start":{"line":138,"column":4},"end":{"line":149,"column":5}},{"start":{"line":144,"column":11},"end":{"line":149,"column":5}}]}},"s":{"0":1,"1":1,"2":1,"3":1,"4":1,"5":1,"6":1,"7":1,"8":1,"9":1,"10":6,"11":6,"12":6,"13":1,"14":5,"15":3,"16":3,"17":1,"18":4,"19":3,"20":3,"21":2,"22":2,"23":1,"24":3,"25":1,"26":1,"27":1,"28":1,"29":0,"30":2,"31":2,"32":2,"33":1,"34":1,"35":1,"36":1,"37":1,"38":1,"39":0,"40":2,"41":2,"42":1,"43":1,"44":2,"45":0},"f":{"0":6,"1":1,"2":2,"3":1,"4":2},"b":{"0":[1,5],"1":[3,2],"2":[5,3],"3":[1,2],"4":[2,1],"5":[3,2,3],"6":[1,1],"7":[1,1]}}
,"F:\\NAHALIL\\Portofolio\\BekuMart\\backend\\src\\services\\productPhotosServices.ts": {"path":"F:\\NAHALIL\\Portofolio\\BekuMart\\backend\\src\\services\\productPhotosServices.ts","statementMap":{"0":{"start":{"line":6,"column":0},"end":{"line":6,"column":7}},"1":{"start":{"line":19,"column":0},"end":{"line":19,"column":7}},"2":{"start":{"line":53,"column":0},"end":{"line":53,"column":7}},"3":{"start":{"line":95,"column":0},"end":{"line":95,"column":7}},"4":{"start":{"line":129,"column":0},"end":{"line":129,"column":7}},"5":{"start":{"line":1,"column":0},"end":{"line":1,"column":64}},"6":{"start":{"line":2,"column":0},"end":{"line":2,"column":39}},"7":{"start":{"line":3,"column":0},"end":{"line":3,"column":45}},"8":{"start":{"line":4,"column":0},"end":{"line":4,"column":45}},"9":{"start":{"line":7,"column":2},"end":{"line":16,"column":3}},"10":{"start":{"line":8,"column":19},"end":{"line":11,"column":6}},"11":{"start":{"line":13,"column":4},"end":{"line":13,"column":18}},"12":{"start":{"line":15,"column":4},"end":{"line":15,"column":16}},"13":{"start":{"line":23,"column":2},"end":{"line":50,"column":3}},"14":{"start":{"line":24,"column":18},"end":{"line":28,"column":6}},"15":{"start":{"line":30,"column":4},"end":{"line":30,"column":67}},"16":{"start":{"line":30,"column":16},"end":{"line":30,"column":67}},"17":{"start":{"line":32,"column":21},"end":{"line":45,"column":6}},"18":{"start":{"line":33,"column":6},"end":{"line":36,"column":9}},"19":{"start":{"line":38,"column":27},"end":{"line":43,"column":8}},"20":{"start":{"line":44,"column":6},"end":{"line":44,"column":26}},"21":{"start":{"line":47,"column":4},"end":{"line":47,"column":20}},"22":{"start":{"line":49,"column":4},"end":{"line":49,"column":16}},"23":{"start":{"line":57,"column":2},"end":{"line":92,"column":3}},"24":{"start":{"line":58,"column":33},"end":{"line":60,"column":6}},"25":{"start":{"line":62,"column":4},"end":{"line":62,"column":76}},"26":{"start":{"line":62,"column":31},"end":{"line":62,"column":76}},"27":{"start":{"line":64,"column":19},"end":{"line":64,"column":62}},"28":{"start":{"line":66,"column":4},"end":{"line":73,"column":5}},"29":{"start":{"line":67,"column":31},"end":{"line":68,"column":null}},"30":{"start":{"line":70,"column":6},"end":{"line":72,"column":7}},"31":{"start":{"line":71,"column":8},"end":{"line":71,"column":36}},"32":{"start":{"line":76,"column":25},"end":{"line":80,"column":6}},"33":{"start":{"line":82,"column":21},"end":{"line":82,"column":44}},"34":{"start":{"line":84,"column":4},"end":{"line":87,"column":7}},"35":{"start":{"line":89,"column":4},"end":{"line":89,"column":20}},"36":{"start":{"line":91,"column":4},"end":{"line":91,"column":16}},"37":{"start":{"line":99,"column":2},"end":{"line":126,"column":3}},"38":{"start":{"line":100,"column":28},"end":{"line":102,"column":6}},"39":{"start":{"line":104,"column":4},"end":{"line":104,"column":71}},"40":{"start":{"line":104,"column":26},"end":{"line":104,"column":71}},"41":{"start":{"line":106,"column":19},"end":{"line":106,"column":64}},"42":{"start":{"line":109,"column":25},"end":{"line":113,"column":6}},"43":{"start":{"line":115,"column":21},"end":{"line":115,"column":44}},"44":{"start":{"line":117,"column":21},"end":{"line":119,"column":6}},"45":{"start":{"line":121,"column":4},"end":{"line":121,"column":71}},"46":{"start":{"line":121,"column":19},"end":{"line":121,"column":71}},"47":{"start":{"line":123,"column":4},"end":{"line":123,"column":20}},"48":{"start":{"line":125,"column":4},"end":{"line":125,"column":16}},"49":{"start":{"line":130,"column":2},"end":{"line":150,"column":3}},"50":{"start":{"line":131,"column":18},"end":{"line":133,"column":6}},"51":{"start":{"line":135,"column":4},"end":{"line":135,"column":77}},"52":{"start":{"line":135,"column":16},"end":{"line":135,"column":77}},"53":{"start":{"line":137,"column":4},"end":{"line":142,"column":5}},"54":{"start":{"line":138,"column":23},"end":{"line":138,"column":57}},"55":{"start":{"line":139,"column":6},"end":{"line":141,"column":7}},"56":{"start":{"line":140,"column":8},"end":{"line":140,"column":52}},"57":{"start":{"line":144,"column":25},"end":{"line":146,"column":6}},"58":{"start":{"line":147,"column":4},"end":{"line":147,"column":24}},"59":{"start":{"line":149,"column":4},"end":{"line":149,"column":16}}},"fnMap":{"0":{"name":"GetProductPhotosService","decl":{"start":{"line":6,"column":22},"end":{"line":6,"column":45}},"loc":{"start":{"line":6,"column":63},"end":{"line":17,"column":1}}},"1":{"name":"SetDefaultProductPhotoService","decl":{"start":{"line":19,"column":22},"end":{"line":19,"column":51}},"loc":{"start":{"line":21,"column":20},"end":{"line":51,"column":1}}},"2":{"name":"(anonymous_3)","decl":{"start":{"line":32,"column":47},"end":{"line":32,"column":52}},"loc":{"start":{"line":32,"column":60},"end":{"line":45,"column":5}}},"3":{"name":"UpdateProductPhotoService","decl":{"start":{"line":53,"column":22},"end":{"line":53,"column":47}},"loc":{"start":{"line":55,"column":17},"end":{"line":93,"column":1}}},"4":{"name":"AddProductPhotoService","decl":{"start":{"line":95,"column":22},"end":{"line":95,"column":44}},"loc":{"start":{"line":97,"column":19},"end":{"line":127,"column":1}}},"5":{"name":"DeleteProductPhotoService","decl":{"start":{"line":129,"column":22},"end":{"line":129,"column":47}},"loc":{"start":{"line":129,"column":63},"end":{"line":151,"column":1}}}},"branchMap":{"0":{"loc":{"start":{"line":30,"column":4},"end":{"line":30,"column":67}},"type":"if","locations":[{"start":{"line":30,"column":4},"end":{"line":30,"column":67}},{"start":{},"end":{}}]},"1":{"loc":{"start":{"line":62,"column":4},"end":{"line":62,"column":76}},"type":"if","locations":[{"start":{"line":62,"column":4},"end":{"line":62,"column":76}},{"start":{},"end":{}}]},"2":{"loc":{"start":{"line":66,"column":4},"end":{"line":73,"column":5}},"type":"if","locations":[{"start":{"line":66,"column":4},"end":{"line":73,"column":5}},{"start":{},"end":{}}]},"3":{"loc":{"start":{"line":70,"column":6},"end":{"line":72,"column":7}},"type":"if","locations":[{"start":{"line":70,"column":6},"end":{"line":72,"column":7}},{"start":{},"end":{}}]},"4":{"loc":{"start":{"line":104,"column":4},"end":{"line":104,"column":71}},"type":"if","locations":[{"start":{"line":104,"column":4},"end":{"line":104,"column":71}},{"start":{},"end":{}}]},"5":{"loc":{"start":{"line":121,"column":4},"end":{"line":121,"column":71}},"type":"if","locations":[{"start":{"line":121,"column":4},"end":{"line":121,"column":71}},{"start":{},"end":{}}]},"6":{"loc":{"start":{"line":135,"column":4},"end":{"line":135,"column":77}},"type":"if","locations":[{"start":{"line":135,"column":4},"end":{"line":135,"column":77}},{"start":{},"end":{}}]},"7":{"loc":{"start":{"line":137,"column":4},"end":{"line":142,"column":5}},"type":"if","locations":[{"start":{"line":137,"column":4},"end":{"line":142,"column":5}},{"start":{},"end":{}}]},"8":{"loc":{"start":{"line":139,"column":6},"end":{"line":141,"column":7}},"type":"if","locations":[{"start":{"line":139,"column":6},"end":{"line":141,"column":7}},{"start":{},"end":{}}]}},"s":{"0":1,"1":1,"2":1,"3":1,"4":1,"5":1,"6":1,"7":1,"8":1,"9":1,"10":1,"11":1,"12":0,"13":2,"14":2,"15":2,"16":1,"17":1,"18":1,"19":1,"20":1,"21":1,"22":1,"23":3,"24":3,"25":3,"26":1,"27":2,"28":2,"29":1,"30":1,"31":1,"32":2,"33":2,"34":2,"35":2,"36":1,"37":2,"38":2,"39":2,"40":1,"41":1,"42":1,"43":1,"44":1,"45":1,"46":0,"47":1,"48":1,"49":5,"50":5,"51":5,"52":1,"53":4,"54":3,"55":3,"56":2,"57":3,"58":3,"59":2},"f":{"0":1,"1":2,"2":1,"3":3,"4":2,"5":5},"b":{"0":[1,1],"1":[1,2],"2":[1,1],"3":[1,0],"4":[1,1],"5":[0,1],"6":[1,4],"7":[3,1],"8":[2,1]}}
,"F:\\NAHALIL\\Portofolio\\BekuMart\\backend\\src\\services\\productServices.ts": {"path":"F:\\NAHALIL\\Portofolio\\BekuMart\\backend\\src\\services\\productServices.ts","statementMap":{"0":{"start":{"line":5,"column":0},"end":{"line":5,"column":7}},"1":{"start":{"line":90,"column":0},"end":{"line":90,"column":7}},"2":{"start":{"line":105,"column":0},"end":{"line":105,"column":7}},"3":{"start":{"line":116,"column":0},"end":{"line":116,"column":7}},"4":{"start":{"line":148,"column":0},"end":{"line":148,"column":7}},"5":{"start":{"line":2,"column":0},"end":{"line":2,"column":39}},"6":{"start":{"line":3,"column":0},"end":{"line":3,"column":45}},"7":{"start":{"line":11,"column":2},"end":{"line":87,"column":3}},"8":{"start":{"line":12,"column":51},"end":{"line":12,"column":58}},"9":{"start":{"line":15,"column":33},"end":{"line":17,"column":6}},"10":{"start":{"line":20,"column":4},"end":{"line":39,"column":5}},"11":{"start":{"line":21,"column":6},"end":{"line":38,"column":9}},"12":{"start":{"line":42,"column":4},"end":{"line":48,"column":5}},"13":{"start":{"line":43,"column":6},"end":{"line":47,"column":9}},"14":{"start":{"line":50,"column":4},"end":{"line":56,"column":5}},"15":{"start":{"line":51,"column":6},"end":{"line":55,"column":9}},"16":{"start":{"line":59,"column":4},"end":{"line":65,"column":5}},"17":{"start":{"line":60,"column":6},"end":{"line":64,"column":9}},"18":{"start":{"line":68,"column":4},"end":{"line":70,"column":5}},"19":{"start":{"line":69,"column":6},"end":{"line":69,"column":33}},"20":{"start":{"line":73,"column":21},"end":{"line":82,"column":6}},"21":{"start":{"line":84,"column":4},"end":{"line":84,"column":20}},"22":{"start":{"line":86,"column":4},"end":{"line":86,"column":16}},"23":{"start":{"line":91,"column":2},"end":{"line":102,"column":3}},"24":{"start":{"line":92,"column":20},"end":{"line":95,"column":6}},"25":{"start":{"line":97,"column":4},"end":{"line":97,"column":63}},"26":{"start":{"line":97,"column":18},"end":{"line":97,"column":63}},"27":{"start":{"line":99,"column":4},"end":{"line":99,"column":19}},"28":{"start":{"line":101,"column":4},"end":{"line":101,"column":16}},"29":{"start":{"line":106,"column":2},"end":{"line":113,"column":3}},"30":{"start":{"line":107,"column":23},"end":{"line":109,"column":6}},"31":{"start":{"line":110,"column":4},"end":{"line":110,"column":22}},"32":{"start":{"line":112,"column":4},"end":{"line":112,"column":16}},"33":{"start":{"line":120,"column":2},"end":{"line":145,"column":3}},"34":{"start":{"line":122,"column":6},"end":{"line":122,"column":17}},"35":{"start":{"line":124,"column":28},"end":{"line":126,"column":6}},"36":{"start":{"line":128,"column":4},"end":{"line":128,"column":71}},"37":{"start":{"line":128,"column":26},"end":{"line":128,"column":71}},"38":{"start":{"line":130,"column":27},"end":{"line":140,"column":6}},"39":{"start":{"line":142,"column":4},"end":{"line":142,"column":26}},"40":{"start":{"line":144,"column":4},"end":{"line":144,"column":16}},"41":{"start":{"line":149,"column":2},"end":{"line":175,"column":3}},"42":{"start":{"line":150,"column":28},"end":{"line":152,"column":6}},"43":{"start":{"line":154,"column":4},"end":{"line":154,"column":71}},"44":{"start":{"line":154,"column":26},"end":{"line":154,"column":71}},"45":{"start":{"line":156,"column":4},"end":{"line":172,"column":7}},"46":{"start":{"line":157,"column":6},"end":{"line":159,"column":9}},"47":{"start":{"line":161,"column":6},"end":{"line":163,"column":9}},"48":{"start":{"line":165,"column":6},"end":{"line":167,"column":9}},"49":{"start":{"line":169,"column":6},"end":{"line":171,"column":9}},"50":{"start":{"line":174,"column":4},"end":{"line":174,"column":16}}},"fnMap":{"0":{"name":"GetProductsService","decl":{"start":{"line":5,"column":22},"end":{"line":5,"column":40}},"loc":{"start":{"line":10,"column":1},"end":{"line":88,"column":1}}},"1":{"name":"GetProductByIdService","decl":{"start":{"line":90,"column":22},"end":{"line":90,"column":43}},"loc":{"start":{"line":90,"column":61},"end":{"line":103,"column":1}}},"2":{"name":"CreateProductService","decl":{"start":{"line":105,"column":22},"end":{"line":105,"column":42}},"loc":{"start":{"line":105,"column":67},"end":{"line":114,"column":1}}},"3":{"name":"UpdateProductService","decl":{"start":{"line":116,"column":22},"end":{"line":116,"column":42}},"loc":{"start":{"line":118,"column":29},"end":{"line":146,"column":1}}},"4":{"name":"DeleteProductService","decl":{"start":{"line":148,"column":22},"end":{"line":148,"column":42}},"loc":{"start":{"line":148,"column":60},"end":{"line":176,"column":1}}},"5":{"name":"(anonymous_5)","decl":{"start":{"line":156,"column":30},"end":{"line":156,"column":35}},"loc":{"start":{"line":156,"column":43},"end":{"line":172,"column":5}}}},"branchMap":{"0":{"loc":{"start":{"line":20,"column":4},"end":{"line":39,"column":5}},"type":"if","locations":[{"start":{"line":20,"column":4},"end":{"line":39,"column":5}},{"start":{},"end":{}}]},"1":{"loc":{"start":{"line":42,"column":4},"end":{"line":48,"column":5}},"type":"if","locations":[{"start":{"line":42,"column":4},"end":{"line":48,"column":5}},{"start":{},"end":{}}]},"2":{"loc":{"start":{"line":50,"column":4},"end":{"line":56,"column":5}},"type":"if","locations":[{"start":{"line":50,"column":4},"end":{"line":56,"column":5}},{"start":{},"end":{}}]},"3":{"loc":{"start":{"line":59,"column":4},"end":{"line":65,"column":5}},"type":"if","locations":[{"start":{"line":59,"column":4},"end":{"line":65,"column":5}},{"start":{},"end":{}}]},"4":{"loc":{"start":{"line":68,"column":4},"end":{"line":70,"column":5}},"type":"if","locations":[{"start":{"line":68,"column":4},"end":{"line":70,"column":5}},{"start":{},"end":{}}]},"5":{"loc":{"start":{"line":97,"column":4},"end":{"line":97,"column":63}},"type":"if","locations":[{"start":{"line":97,"column":4},"end":{"line":97,"column":63}},{"start":{},"end":{}}]},"6":{"loc":{"start":{"line":128,"column":4},"end":{"line":128,"column":71}},"type":"if","locations":[{"start":{"line":128,"column":4},"end":{"line":128,"column":71}},{"start":{},"end":{}}]},"7":{"loc":{"start":{"line":133,"column":14},"end":{"line":133,"column":42}},"type":"binary-expr","locations":[{"start":{"line":133,"column":14},"end":{"line":133,"column":18}},{"start":{"line":133,"column":22},"end":{"line":133,"column":42}}]},"8":{"loc":{"start":{"line":134,"column":15},"end":{"line":134,"column":45}},"type":"binary-expr","locations":[{"start":{"line":134,"column":15},"end":{"line":134,"column":20}},{"start":{"line":134,"column":24},"end":{"line":134,"column":45}}]},"9":{"loc":{"start":{"line":135,"column":21},"end":{"line":135,"column":63}},"type":"binary-expr","locations":[{"start":{"line":135,"column":21},"end":{"line":135,"column":32}},{"start":{"line":135,"column":36},"end":{"line":135,"column":63}}]},"10":{"loc":{"start":{"line":136,"column":15},"end":{"line":136,"column":45}},"type":"binary-expr","locations":[{"start":{"line":136,"column":15},"end":{"line":136,"column":20}},{"start":{"line":136,"column":24},"end":{"line":136,"column":45}}]},"11":{"loc":{"start":{"line":137,"column":20},"end":{"line":137,"column":60}},"type":"binary-expr","locations":[{"start":{"line":137,"column":20},"end":{"line":137,"column":30}},{"start":{"line":137,"column":34},"end":{"line":137,"column":60}}]},"12":{"loc":{"start":{"line":138,"column":20},"end":{"line":138,"column":60}},"type":"binary-expr","locations":[{"start":{"line":138,"column":20},"end":{"line":138,"column":30}},{"start":{"line":138,"column":34},"end":{"line":138,"column":60}}]},"13":{"loc":{"start":{"line":154,"column":4},"end":{"line":154,"column":71}},"type":"if","locations":[{"start":{"line":154,"column":4},"end":{"line":154,"column":71}},{"start":{},"end":{}}]}},"s":{"0":1,"1":1,"2":1,"3":1,"4":1,"5":1,"6":1,"7":3,"8":3,"9":3,"10":3,"11":2,"12":3,"13":1,"14":3,"15":1,"16":3,"17":1,"18":3,"19":1,"20":3,"21":3,"22":0,"23":2,"24":2,"25":2,"26":1,"27":1,"28":1,"29":1,"30":1,"31":1,"32":0,"33":2,"34":2,"35":2,"36":2,"37":1,"38":1,"39":1,"40":1,"41":2,"42":2,"43":2,"44":1,"45":1,"46":1,"47":1,"48":1,"49":1,"50":1},"f":{"0":3,"1":2,"2":1,"3":2,"4":2,"5":1},"b":{"0":[2,1],"1":[1,2],"2":[1,2],"3":[1,2],"4":[1,2],"5":[1,1],"6":[1,1],"7":[1,0],"8":[1,0],"9":[1,1],"10":[1,1],"11":[1,1],"12":[1,1],"13":[1,1]}}
,"F:\\NAHALIL\\Portofolio\\BekuMart\\backend\\src\\services\\reviewServices.ts": {"path":"F:\\NAHALIL\\Portofolio\\BekuMart\\backend\\src\\services\\reviewServices.ts","statementMap":{"0":{"start":{"line":5,"column":0},"end":{"line":5,"column":7}},"1":{"start":{"line":28,"column":0},"end":{"line":28,"column":7}},"2":{"start":{"line":50,"column":0},"end":{"line":50,"column":7}},"3":{"start":{"line":128,"column":0},"end":{"line":128,"column":7}},"4":{"start":{"line":155,"column":0},"end":{"line":155,"column":7}},"5":{"start":{"line":187,"column":0},"end":{"line":187,"column":7}},"6":{"start":{"line":1,"column":0},"end":{"line":1,"column":39}},"7":{"start":{"line":2,"column":0},"end":{"line":2,"column":45}},"8":{"start":{"line":3,"column":0},"end":{"line":3,"column":45}},"9":{"start":{"line":6,"column":2},"end":{"line":25,"column":3}},"10":{"start":{"line":7,"column":20},"end":{"line":9,"column":6}},"11":{"start":{"line":11,"column":4},"end":{"line":11,"column":63}},"12":{"start":{"line":11,"column":18},"end":{"line":11,"column":63}},"13":{"start":{"line":13,"column":20},"end":{"line":20,"column":6}},"14":{"start":{"line":22,"column":4},"end":{"line":22,"column":19}},"15":{"start":{"line":24,"column":4},"end":{"line":24,"column":16}},"16":{"start":{"line":29,"column":2},"end":{"line":47,"column":3}},"17":{"start":{"line":30,"column":17},"end":{"line":32,"column":6}},"18":{"start":{"line":34,"column":4},"end":{"line":34,"column":57}},"19":{"start":{"line":34,"column":15},"end":{"line":34,"column":57}},"20":{"start":{"line":36,"column":20},"end":{"line":42,"column":6}},"21":{"start":{"line":44,"column":4},"end":{"line":44,"column":19}},"22":{"start":{"line":46,"column":4},"end":{"line":46,"column":16}},"23":{"start":{"line":59,"column":2},"end":{"line":125,"column":3}},"24":{"start":{"line":60,"column":47},"end":{"line":60,"column":57}},"25":{"start":{"line":62,"column":20},"end":{"line":64,"column":6}},"26":{"start":{"line":66,"column":4},"end":{"line":66,"column":63}},"27":{"start":{"line":66,"column":18},"end":{"line":66,"column":63}},"28":{"start":{"line":68,"column":22},"end":{"line":76,"column":6}},"29":{"start":{"line":78,"column":4},"end":{"line":78,"column":75}},"30":{"start":{"line":78,"column":20},"end":{"line":78,"column":75}},"31":{"start":{"line":81,"column":4},"end":{"line":99,"column":7}},"32":{"start":{"line":82,"column":28},"end":{"line":89,"column":8}},"33":{"start":{"line":91,"column":6},"end":{"line":98,"column":9}},"34":{"start":{"line":101,"column":4},"end":{"line":120,"column":5}},"35":{"start":{"line":102,"column":16},"end":{"line":102,"column":17}},"36":{"start":{"line":104,"column":6},"end":{"line":119,"column":7}},"37":{"start":{"line":105,"column":8},"end":{"line":105,"column":14}},"38":{"start":{"line":106,"column":23},"end":{"line":106,"column":76}},"39":{"start":{"line":108,"column":29},"end":{"line":112,"column":10}},"40":{"start":{"line":114,"column":25},"end":{"line":114,"column":48}},"41":{"start":{"line":116,"column":8},"end":{"line":118,"column":11}},"42":{"start":{"line":122,"column":4},"end":{"line":122,"column":21}},"43":{"start":{"line":124,"column":4},"end":{"line":124,"column":16}},"44":{"start":{"line":129,"column":2},"end":{"line":152,"column":3}},"45":{"start":{"line":130,"column":19},"end":{"line":132,"column":6}},"46":{"start":{"line":134,"column":4},"end":{"line":134,"column":61}},"47":{"start":{"line":134,"column":17},"end":{"line":134,"column":61}},"48":{"start":{"line":136,"column":26},"end":{"line":147,"column":6}},"49":{"start":{"line":137,"column":6},"end":{"line":139,"column":9}},"50":{"start":{"line":141,"column":6},"end":{"line":146,"column":9}},"51":{"start":{"line":149,"column":4},"end":{"line":149,"column":25}},"52":{"start":{"line":151,"column":4},"end":{"line":151,"column":16}},"53":{"start":{"line":156,"column":2},"end":{"line":184,"column":3}},"54":{"start":{"line":157,"column":19},"end":{"line":159,"column":6}},"55":{"start":{"line":161,"column":4},"end":{"line":161,"column":61}},"56":{"start":{"line":161,"column":17},"end":{"line":161,"column":61}},"57":{"start":{"line":163,"column":26},"end":{"line":179,"column":6}},"58":{"start":{"line":164,"column":6},"end":{"line":171,"column":9}},"59":{"start":{"line":173,"column":6},"end":{"line":178,"column":9}},"60":{"start":{"line":181,"column":4},"end":{"line":181,"column":25}},"61":{"start":{"line":183,"column":4},"end":{"line":183,"column":16}},"62":{"start":{"line":188,"column":2},"end":{"line":197,"column":3}},"63":{"start":{"line":189,"column":18},"end":{"line":192,"column":6}},"64":{"start":{"line":194,"column":4},"end":{"line":194,"column":17}},"65":{"start":{"line":196,"column":4},"end":{"line":196,"column":16}}},"fnMap":{"0":{"name":"GetProductReviewsService","decl":{"start":{"line":5,"column":22},"end":{"line":5,"column":46}},"loc":{"start":{"line":5,"column":64},"end":{"line":26,"column":1}}},"1":{"name":"GetProductReviewsByUserIdService","decl":{"start":{"line":28,"column":22},"end":{"line":28,"column":54}},"loc":{"start":{"line":28,"column":69},"end":{"line":48,"column":1}}},"2":{"name":"CreateProductReviewService","decl":{"start":{"line":50,"column":22},"end":{"line":50,"column":48}},"loc":{"start":{"line":57,"column":3},"end":{"line":126,"column":1}}},"3":{"name":"(anonymous_4)","decl":{"start":{"line":81,"column":30},"end":{"line":81,"column":35}},"loc":{"start":{"line":81,"column":43},"end":{"line":99,"column":5}}},"4":{"name":"LikeReviewService","decl":{"start":{"line":128,"column":22},"end":{"line":128,"column":39}},"loc":{"start":{"line":128,"column":72},"end":{"line":153,"column":1}}},"5":{"name":"(anonymous_6)","decl":{"start":{"line":136,"column":53},"end":{"line":136,"column":58}},"loc":{"start":{"line":136,"column":66},"end":{"line":147,"column":5}}},"6":{"name":"UnlikeReviewService","decl":{"start":{"line":155,"column":22},"end":{"line":155,"column":41}},"loc":{"start":{"line":155,"column":74},"end":{"line":185,"column":1}}},"7":{"name":"(anonymous_8)","decl":{"start":{"line":163,"column":53},"end":{"line":163,"column":58}},"loc":{"start":{"line":163,"column":66},"end":{"line":179,"column":5}}},"8":{"name":"GetUserLikeReviewsService","decl":{"start":{"line":187,"column":22},"end":{"line":187,"column":47}},"loc":{"start":{"line":187,"column":62},"end":{"line":198,"column":1}}}},"branchMap":{"0":{"loc":{"start":{"line":11,"column":4},"end":{"line":11,"column":63}},"type":"if","locations":[{"start":{"line":11,"column":4},"end":{"line":11,"column":63}},{"start":{},"end":{}}]},"1":{"loc":{"start":{"line":34,"column":4},"end":{"line":34,"column":57}},"type":"if","locations":[{"start":{"line":34,"column":4},"end":{"line":34,"column":57}},{"start":{},"end":{}}]},"2":{"loc":{"start":{"line":66,"column":4},"end":{"line":66,"column":63}},"type":"if","locations":[{"start":{"line":66,"column":4},"end":{"line":66,"column":63}},{"start":{},"end":{}}]},"3":{"loc":{"start":{"line":78,"column":4},"end":{"line":78,"column":75}},"type":"if","locations":[{"start":{"line":78,"column":4},"end":{"line":78,"column":75}},{"start":{},"end":{}}]},"4":{"loc":{"start":{"line":101,"column":4},"end":{"line":120,"column":5}},"type":"if","locations":[{"start":{"line":101,"column":4},"end":{"line":120,"column":5}},{"start":{},"end":{}}]},"5":{"loc":{"start":{"line":134,"column":4},"end":{"line":134,"column":61}},"type":"if","locations":[{"start":{"line":134,"column":4},"end":{"line":134,"column":61}},{"start":{},"end":{}}]},"6":{"loc":{"start":{"line":144,"column":22},"end":{"line":144,"column":43}},"type":"binary-expr","locations":[{"start":{"line":144,"column":22},"end":{"line":144,"column":38}},{"start":{"line":144,"column":42},"end":{"line":144,"column":43}}]},"7":{"loc":{"start":{"line":161,"column":4},"end":{"line":161,"column":61}},"type":"if","locations":[{"start":{"line":161,"column":4},"end":{"line":161,"column":61}},{"start":{},"end":{}}]},"8":{"loc":{"start":{"line":176,"column":22},"end":{"line":176,"column":43}},"type":"binary-expr","locations":[{"start":{"line":176,"column":22},"end":{"line":176,"column":38}},{"start":{"line":176,"column":42},"end":{"line":176,"column":43}}]}},"s":{"0":1,"1":1,"2":1,"3":1,"4":1,"5":1,"6":1,"7":1,"8":1,"9":2,"10":2,"11":2,"12":1,"13":1,"14":1,"15":1,"16":2,"17":2,"18":2,"19":1,"20":1,"21":1,"22":1,"23":2,"24":2,"25":2,"26":2,"27":1,"28":1,"29":1,"30":0,"31":1,"32":1,"33":1,"34":1,"35":1,"36":1,"37":2,"38":2,"39":2,"40":2,"41":2,"42":1,"43":1,"44":2,"45":2,"46":2,"47":1,"48":1,"49":1,"50":1,"51":1,"52":1,"53":1,"54":1,"55":1,"56":0,"57":1,"58":1,"59":1,"60":1,"61":0,"62":1,"63":1,"64":1,"65":0},"f":{"0":2,"1":2,"2":2,"3":1,"4":2,"5":1,"6":1,"7":1,"8":1},"b":{"0":[1,1],"1":[1,1],"2":[1,1],"3":[0,1],"4":[1,0],"5":[1,1],"6":[1,0],"7":[0,1],"8":[1,0]}}
,"F:\\NAHALIL\\Portofolio\\BekuMart\\backend\\src\\services\\shippingCostServices.ts": {"path":"F:\\NAHALIL\\Portofolio\\BekuMart\\backend\\src\\services\\shippingCostServices.ts","statementMap":{"0":{"start":{"line":4,"column":0},"end":{"line":4,"column":7}},"1":{"start":{"line":1,"column":0},"end":{"line":1,"column":45}},"2":{"start":{"line":2,"column":0},"end":{"line":2,"column":60}},"3":{"start":{"line":8,"column":2},"end":{"line":18,"column":3}},"4":{"start":{"line":9,"column":4},"end":{"line":9,"column":80}},"5":{"start":{"line":9,"column":27},"end":{"line":9,"column":80}},"6":{"start":{"line":11,"column":21},"end":{"line":11,"column":66}},"7":{"start":{"line":13,"column":4},"end":{"line":13,"column":80}},"8":{"start":{"line":13,"column":31},"end":{"line":13,"column":80}},"9":{"start":{"line":15,"column":4},"end":{"line":15,"column":20}},"10":{"start":{"line":17,"column":4},"end":{"line":17,"column":16}}},"fnMap":{"0":{"name":"GetShippingCostService","decl":{"start":{"line":4,"column":22},"end":{"line":4,"column":44}},"loc":{"start":{"line":6,"column":21},"end":{"line":19,"column":1}}}},"branchMap":{"0":{"loc":{"start":{"line":9,"column":4},"end":{"line":9,"column":80}},"type":"if","locations":[{"start":{"line":9,"column":4},"end":{"line":9,"column":80}},{"start":{},"end":{}}]},"1":{"loc":{"start":{"line":13,"column":4},"end":{"line":13,"column":80}},"type":"if","locations":[{"start":{"line":13,"column":4},"end":{"line":13,"column":80}},{"start":{},"end":{}}]}},"s":{"0":1,"1":1,"2":1,"3":4,"4":4,"5":1,"6":3,"7":2,"8":1,"9":1,"10":3},"f":{"0":4},"b":{"0":[1,3],"1":[1,1]}}
,"F:\\NAHALIL\\Portofolio\\BekuMart\\backend\\src\\services\\userServices.ts": {"path":"F:\\NAHALIL\\Portofolio\\BekuMart\\backend\\src\\services\\userServices.ts","statementMap":{"0":{"start":{"line":7,"column":0},"end":{"line":7,"column":7}},"1":{"start":{"line":43,"column":0},"end":{"line":43,"column":7}},"2":{"start":{"line":68,"column":0},"end":{"line":68,"column":7}},"3":{"start":{"line":95,"column":0},"end":{"line":95,"column":7}},"4":{"start":{"line":1,"column":0},"end":{"line":1,"column":30}},"5":{"start":{"line":2,"column":0},"end":{"line":2,"column":64}},"6":{"start":{"line":3,"column":0},"end":{"line":3,"column":39}},"7":{"start":{"line":4,"column":0},"end":{"line":4,"column":45}},"8":{"start":{"line":5,"column":0},"end":{"line":5,"column":45}},"9":{"start":{"line":8,"column":2},"end":{"line":40,"column":3}},"10":{"start":{"line":9,"column":17},"end":{"line":13,"column":6}},"11":{"start":{"line":15,"column":4},"end":{"line":15,"column":57}},"12":{"start":{"line":15,"column":15},"end":{"line":15,"column":57}},"13":{"start":{"line":17,"column":19},"end":{"line":17,"column":60}},"14":{"start":{"line":19,"column":4},"end":{"line":24,"column":5}},"15":{"start":{"line":20,"column":31},"end":{"line":20,"column":64}},"16":{"start":{"line":21,"column":6},"end":{"line":23,"column":7}},"17":{"start":{"line":22,"column":8},"end":{"line":22,"column":36}},"18":{"start":{"line":26,"column":25},"end":{"line":30,"column":6}},"19":{"start":{"line":32,"column":21},"end":{"line":32,"column":44}},"20":{"start":{"line":34,"column":4},"end":{"line":37,"column":7}},"21":{"start":{"line":39,"column":4},"end":{"line":39,"column":16}},"22":{"start":{"line":44,"column":2},"end":{"line":65,"column":3}},"23":{"start":{"line":45,"column":17},"end":{"line":49,"column":6}},"24":{"start":{"line":51,"column":4},"end":{"line":51,"column":57}},"25":{"start":{"line":51,"column":15},"end":{"line":51,"column":57}},"26":{"start":{"line":53,"column":20},"end":{"line":60,"column":6}},"27":{"start":{"line":62,"column":4},"end":{"line":62,"column":19}},"28":{"start":{"line":64,"column":4},"end":{"line":64,"column":16}},"29":{"start":{"line":72,"column":2},"end":{"line":92,"column":3}},"30":{"start":{"line":73,"column":17},"end":{"line":77,"column":6}},"31":{"start":{"line":79,"column":4},"end":{"line":79,"column":57}},"32":{"start":{"line":79,"column":15},"end":{"line":79,"column":57}},"33":{"start":{"line":81,"column":24},"end":{"line":87,"column":6}},"34":{"start":{"line":89,"column":4},"end":{"line":89,"column":23}},"35":{"start":{"line":91,"column":4},"end":{"line":91,"column":16}},"36":{"start":{"line":99,"column":2},"end":{"line":123,"column":3}},"37":{"start":{"line":100,"column":17},"end":{"line":104,"column":6}},"38":{"start":{"line":106,"column":4},"end":{"line":106,"column":57}},"39":{"start":{"line":106,"column":15},"end":{"line":106,"column":57}},"40":{"start":{"line":108,"column":17},"end":{"line":108,"column":41}},"41":{"start":{"line":109,"column":27},"end":{"line":109,"column":63}},"42":{"start":{"line":111,"column":4},"end":{"line":111,"column":76}},"43":{"start":{"line":111,"column":25},"end":{"line":111,"column":76}},"44":{"start":{"line":113,"column":24},"end":{"line":118,"column":6}},"45":{"start":{"line":120,"column":4},"end":{"line":120,"column":23}},"46":{"start":{"line":122,"column":4},"end":{"line":122,"column":16}}},"fnMap":{"0":{"name":"UploadProfileService","decl":{"start":{"line":7,"column":22},"end":{"line":7,"column":42}},"loc":{"start":{"line":7,"column":74},"end":{"line":41,"column":1}}},"1":{"name":"GetUserInfoService","decl":{"start":{"line":43,"column":22},"end":{"line":43,"column":40}},"loc":{"start":{"line":43,"column":55},"end":{"line":66,"column":1}}},"2":{"name":"EditUserInfoService","decl":{"start":{"line":68,"column":22},"end":{"line":68,"column":41}},"loc":{"start":{"line":70,"column":43},"end":{"line":93,"column":1}}},"3":{"name":"ChangeUserPasswordService","decl":{"start":{"line":95,"column":22},"end":{"line":95,"column":47}},"loc":{"start":{"line":97,"column":21},"end":{"line":124,"column":1}}}},"branchMap":{"0":{"loc":{"start":{"line":15,"column":4},"end":{"line":15,"column":57}},"type":"if","locations":[{"start":{"line":15,"column":4},"end":{"line":15,"column":57}},{"start":{},"end":{}}]},"1":{"loc":{"start":{"line":19,"column":4},"end":{"line":24,"column":5}},"type":"if","locations":[{"start":{"line":19,"column":4},"end":{"line":24,"column":5}},{"start":{},"end":{}}]},"2":{"loc":{"start":{"line":21,"column":6},"end":{"line":23,"column":7}},"type":"if","locations":[{"start":{"line":21,"column":6},"end":{"line":23,"column":7}},{"start":{},"end":{}}]},"3":{"loc":{"start":{"line":51,"column":4},"end":{"line":51,"column":57}},"type":"if","locations":[{"start":{"line":51,"column":4},"end":{"line":51,"column":57}},{"start":{},"end":{}}]},"4":{"loc":{"start":{"line":79,"column":4},"end":{"line":79,"column":57}},"type":"if","locations":[{"start":{"line":79,"column":4},"end":{"line":79,"column":57}},{"start":{},"end":{}}]},"5":{"loc":{"start":{"line":84,"column":14},"end":{"line":84,"column":40}},"type":"binary-expr","locations":[{"start":{"line":84,"column":14},"end":{"line":84,"column":27}},{"start":{"line":84,"column":31},"end":{"line":84,"column":40}}]},"6":{"loc":{"start":{"line":85,"column":15},"end":{"line":85,"column":43}},"type":"binary-expr","locations":[{"start":{"line":85,"column":15},"end":{"line":85,"column":29}},{"start":{"line":85,"column":33},"end":{"line":85,"column":43}}]},"7":{"loc":{"start":{"line":106,"column":4},"end":{"line":106,"column":57}},"type":"if","locations":[{"start":{"line":106,"column":4},"end":{"line":106,"column":57}},{"start":{},"end":{}}]},"8":{"loc":{"start":{"line":111,"column":4},"end":{"line":111,"column":76}},"type":"if","locations":[{"start":{"line":111,"column":4},"end":{"line":111,"column":76}},{"start":{},"end":{}}]}},"s":{"0":1,"1":1,"2":1,"3":1,"4":1,"5":1,"6":1,"7":1,"8":1,"9":3,"10":3,"11":3,"12":1,"13":2,"14":2,"15":1,"16":1,"17":1,"18":2,"19":2,"20":2,"21":1,"22":2,"23":2,"24":2,"25":1,"26":1,"27":1,"28":1,"29":2,"30":2,"31":2,"32":1,"33":1,"34":1,"35":1,"36":3,"37":3,"38":3,"39":1,"40":2,"41":2,"42":2,"43":1,"44":1,"45":1,"46":2},"f":{"0":3,"1":2,"2":2,"3":3},"b":{"0":[1,2],"1":[1,1],"2":[1,0],"3":[1,1],"4":[1,1],"5":[1,0],"6":[1,1],"7":[1,2],"8":[1,1]}}
,"F:\\NAHALIL\\Portofolio\\BekuMart\\backend\\src\\tests\\constans\\cartContant.ts": {"path":"F:\\NAHALIL\\Portofolio\\BekuMart\\backend\\src\\tests\\constans\\cartContant.ts","statementMap":{"0":{"start":{"line":3,"column":13},"end":{"line":3,"column":30}},"1":{"start":{"line":4,"column":13},"end":{"line":79,"column":2}},"2":{"start":{"line":81,"column":13},"end":{"line":86,"column":2}},"3":{"start":{"line":88,"column":13},"end":{"line":91,"column":2}}},"fnMap":{},"branchMap":{},"s":{"0":1,"1":1,"2":1,"3":1},"f":{},"b":{}}
,"F:\\NAHALIL\\Portofolio\\BekuMart\\backend\\src\\utils\\appError.ts": {"path":"F:\\NAHALIL\\Portofolio\\BekuMart\\backend\\src\\utils\\appError.ts","statementMap":{"0":{"start":{"line":5,"column":4},"end":{"line":5,"column":19}},"1":{"start":{"line":6,"column":4},"end":{"line":6,"column":33}},"2":{"start":{"line":1,"column":0},"end":{"line":1,"column":13}}},"fnMap":{"0":{"name":"(anonymous_0)","decl":{"start":{"line":4,"column":2},"end":{"line":4,"column":14}},"loc":{"start":{"line":4,"column":49},"end":{"line":7,"column":3}}}},"branchMap":{},"s":{"0":112,"1":112,"2":11},"f":{"0":112},"b":{}}
}
