TN:
SF:src\config.ts
FNF:0
FNH:0
DA:1,3
DA:3,3
LF:2
LH:2
BRF:0
BRH:0
end_of_record
TN:
SF:src\helper\emailSender.ts
FN:9,sendOrderStatusUpdateEmail
FN:35,VerifyResetPasswordEmail
FN:65,SendEmail
FNF:3
FNH:3
FNDA:3,sendOrderStatusUpdateEmail
FNDA:1,VerifyResetPasswordEmail
FNDA:1,SendEmail
DA:1,1
DA:2,1
DA:3,1
DA:4,1
DA:6,1
DA:7,1
DA:9,1
DA:10,3
DA:11,3
DA:13,3
DA:14,3
DA:16,3
DA:22,3
DA:24,3
DA:31,1
DA:35,1
DA:36,1
DA:37,1
DA:43,1
DA:44,1
DA:46,1
DA:47,1
DA:49,1
DA:54,1
DA:61,0
DA:65,1
DA:70,1
DA:71,1
DA:73,1
DA:79,1
DA:80,1
DA:82,1
DA:88,1
DA:96,0
LF:34
LH:32
BRF:0
BRH:0
end_of_record
TN:
SF:src\helper\fileUploadHelper.ts
FN:1,(anonymous_0)
FN:6,(anonymous_1)
FNF:2
FNH:2
FNDA:3,(anonymous_0)
FNDA:8,(anonymous_1)
DA:1,1
DA:2,3
DA:3,3
DA:6,1
DA:7,8
DA:8,8
DA:9,8
DA:10,3
DA:12,5
DA:13,5
DA:17,5
LF:11
LH:11
BRDA:9,0,0,3
BRDA:9,0,1,5
BRDA:9,1,0,8
BRDA:9,1,1,6
BRF:4
BRH:4
end_of_record
TN:
SF:src\helper\findUserByEmail.ts
FN:3,FindUserByEmail
FNF:1
FNH:1
FNDA:1,FindUserByEmail
DA:1,1
DA:3,1
DA:4,1
DA:5,1
DA:11,1
DA:13,0
LF:6
LH:5
BRF:0
BRH:0
end_of_record
TN:
SF:src\helper\getShippingCost.ts
FN:12,getShippingCost
FN:37,(anonymous_2)
FNF:2
FNH:2
FNDA:7,getShippingCost
FNDA:3,(anonymous_2)
DA:1,1
DA:2,1
DA:7,1
DA:8,1
DA:9,1
DA:10,1
DA:12,1
DA:13,7
DA:14,7
DA:18,7
DA:19,1
DA:22,6
DA:24,6
DA:26,6
DA:28,5
DA:32,5
DA:34,3
DA:36,3
DA:37,3
DA:40,3
DA:41,0
DA:43,3
DA:51,3
DA:59,3
DA:63,3
DA:65,3
DA:66,1
DA:69,2
DA:75,1
DA:77,1
DA:78,0
DA:80,1
DA:82,1
DA:84,5
LF:34
LH:32
BRDA:18,0,0,1
BRDA:18,0,1,6
BRDA:26,1,0,1
BRDA:26,1,1,5
BRDA:32,2,0,2
BRDA:32,2,1,3
BRDA:40,3,0,0
BRDA:40,3,1,3
BRDA:65,4,0,1
BRDA:65,4,1,2
BRDA:77,5,0,0
BRDA:77,5,1,1
BRF:12
BRH:10
end_of_record
TN:
SF:src\helper\orderHelpers.ts
FN:8,validateCartItems
FN:52,createPaymentTransaction
FN:91,createOrderTransaction
FN:110,(anonymous_3)
FN:126,(anonymous_4)
FNF:5
FNH:5
FNDA:5,validateCartItems
FNDA:4,createPaymentTransaction
FNDA:2,createOrderTransaction
FNDA:2,(anonymous_3)
FNDA:4,(anonymous_4)
DA:2,1
DA:3,1
DA:4,1
DA:8,1
DA:9,5
DA:10,5
DA:12,5
DA:14,5
DA:19,5
DA:20,1
DA:23,4
DA:24,1
DA:30,3
DA:31,1
DA:38,2
DA:39,1
DA:45,1
DA:48,4
DA:52,1
DA:57,4
DA:58,4
DA:63,4
DA:64,1
DA:67,3
DA:78,3
DA:80,2
DA:81,1
DA:84,1
DA:85,1
DA:87,3
DA:91,1
DA:108,2
DA:110,2
DA:112,2
DA:126,4
DA:133,2
DA:138,2
DA:139,3
DA:153,3
DA:154,1
DA:162,1
DA:166,1
DA:169,1
LF:43
LH:43
BRDA:19,0,0,1
BRDA:19,0,1,4
BRDA:23,1,0,1
BRDA:23,1,1,3
BRDA:30,2,0,1
BRDA:30,2,1,2
BRDA:38,3,0,1
BRDA:38,3,1,1
BRDA:63,4,0,1
BRDA:63,4,1,3
BRDA:80,5,0,1
BRDA:80,5,1,1
BRDA:153,6,0,1
BRDA:153,6,1,2
BRF:14
BRH:14
end_of_record
TN:
SF:src\services\addressServices.ts
FN:5,GetAddressesByUserIdService
FN:17,CreateAddressService
FN:19,(anonymous_2)
FN:40,EditAddressByIdService
FN:72,SetDefaultAddressService
FN:85,(anonymous_5)
FN:107,DeleteAddressByIdService
FNF:7
FNH:7
FNDA:1,GetAddressesByUserIdService
FNDA:1,CreateAddressService
FNDA:1,(anonymous_2)
FNDA:2,EditAddressByIdService
FNDA:3,SetDefaultAddressService
FNDA:1,(anonymous_5)
FNDA:2,DeleteAddressByIdService
DA:2,1
DA:3,1
DA:5,1
DA:6,1
DA:7,1
DA:11,1
DA:13,0
DA:17,1
DA:18,1
DA:19,1
DA:20,1
DA:27,1
DA:31,1
DA:34,1
DA:36,0
DA:40,1
DA:44,2
DA:45,2
DA:49,2
DA:50,1
DA:53,1
DA:66,1
DA:68,1
DA:72,1
DA:76,3
DA:77,3
DA:81,3
DA:82,2
DA:85,1
DA:86,1
DA:94,1
DA:99,1
DA:101,1
DA:103,2
DA:107,1
DA:108,2
DA:109,2
DA:115,2
DA:117,1
DA:121,1
LF:40
LH:38
BRDA:49,0,0,1
BRDA:49,0,1,1
BRDA:56,1,0,1
BRDA:56,1,1,0
BRDA:57,2,0,1
BRDA:57,2,1,0
BRDA:58,3,0,1
BRDA:58,3,1,0
BRDA:59,4,0,1
BRDA:59,4,1,0
BRDA:60,5,0,1
BRDA:60,5,1,0
BRDA:61,6,0,1
BRDA:61,6,1,0
BRDA:62,7,0,1
BRDA:62,7,1,0
BRDA:63,8,0,1
BRDA:63,8,1,0
BRDA:81,9,0,2
BRDA:81,9,1,1
BRDA:81,10,0,3
BRDA:81,10,1,2
BRDA:115,11,0,1
BRDA:115,11,1,1
BRF:24
BRH:16
end_of_record
TN:
SF:src\services\authServices.ts
FN:9,RegisterService
FN:22,(anonymous_11)
FN:45,LoginService
FN:81,(anonymous_13)
FN:102,GoogleLoginService
FN:114,(anonymous_15)
FN:154,(anonymous_16)
FN:174,LogOutService
FN:193,SetPasswordService
FN:218,RefreshTokenService
FN:266,CheckService
FNF:11
FNH:11
FNDA:3,RegisterService
FNDA:1,(anonymous_11)
FNDA:4,LoginService
FNDA:1,(anonymous_13)
FNDA:4,GoogleLoginService
FNDA:1,(anonymous_15)
FNDA:3,(anonymous_16)
FNDA:3,LogOutService
FNDA:5,SetPasswordService
FNDA:7,RefreshTokenService
FNDA:6,CheckService
DA:1,1
DA:3,1
DA:4,1
DA:5,1
DA:6,1
DA:7,1
DA:9,1
DA:10,3
DA:11,3
DA:13,3
DA:15,3
DA:17,2
DA:18,2
DA:20,1
DA:22,1
DA:23,1
DA:32,1
DA:36,1
DA:39,1
DA:41,2
DA:45,1
DA:46,4
DA:47,4
DA:49,4
DA:51,4
DA:53,3
DA:55,3
DA:57,2
DA:66,2
DA:71,2
DA:74,2
DA:78,2
DA:79,1
DA:81,1
DA:82,1
DA:87,1
DA:96,1
DA:98,3
DA:102,1
DA:106,4
DA:107,4
DA:109,4
DA:111,4
DA:113,4
DA:114,1
DA:115,1
DA:122,1
DA:126,1
DA:130,4
DA:139,4
DA:144,4
DA:147,4
DA:151,4
DA:152,1
DA:154,3
DA:155,3
DA:160,2
DA:168,2
DA:170,2
DA:174,1
DA:175,3
DA:176,3
DA:180,3
DA:182,2
DA:184,1
DA:189,0
DA:193,1
DA:194,5
DA:195,5
DA:197,3
DA:198,3
DA:200,2
DA:201,2
DA:203,1
DA:205,1
DA:214,4
DA:218,1
DA:219,7
DA:220,7
DA:224,7
DA:225,1
DA:228,6
DA:229,1
DA:232,5
DA:237,3
DA:243,3
DA:245,2
DA:254,2
DA:258,2
DA:260,1
DA:262,6
DA:266,1
DA:267,6
DA:268,6
DA:272,6
DA:273,1
DA:276,5
DA:277,1
DA:280,4
DA:285,2
DA:287,2
DA:291,2
DA:292,1
DA:295,1
DA:297,5
LF:105
LH:104
BRDA:15,0,0,1
BRDA:15,0,1,2
BRDA:20,1,0,0
BRDA:20,1,1,1
BRDA:51,2,0,1
BRDA:51,2,1,3
BRDA:55,3,0,1
BRDA:55,3,1,2
BRDA:78,4,0,1
BRDA:78,4,1,1
BRDA:78,5,0,2
BRDA:78,5,1,2
BRDA:113,6,0,1
BRDA:113,6,1,3
BRDA:151,7,0,1
BRDA:151,7,1,3
BRDA:151,8,0,4
BRDA:151,8,1,4
BRDA:180,9,0,1
BRDA:180,9,1,2
BRDA:182,10,0,1
BRDA:182,10,1,1
BRDA:198,11,0,1
BRDA:198,11,1,2
BRDA:203,12,0,0
BRDA:203,12,1,1
BRDA:224,13,0,1
BRDA:224,13,1,6
BRDA:228,14,0,1
BRDA:228,14,1,5
BRDA:243,15,0,1
BRDA:243,15,1,2
BRDA:258,16,0,1
BRDA:258,16,1,1
BRDA:272,17,0,1
BRDA:272,17,1,5
BRDA:276,18,0,1
BRDA:276,18,1,4
BRDA:291,19,0,1
BRDA:291,19,1,1
BRF:40
BRH:38
end_of_record
TN:
SF:src\services\cartServices.ts
FN:4,GetUserCartService
FN:27,(anonymous_1)
FN:47,AddItemToCartService
FN:74,(anonymous_3)
FN:106,UpdateItemInCartService
FN:128,DeleteItemInCartService
FNF:6
FNH:6
FNDA:3,GetUserCartService
FNDA:2,(anonymous_1)
FNDA:11,AddItemToCartService
FNDA:4,(anonymous_3)
FNDA:4,UpdateItemInCartService
FNDA:4,DeleteItemInCartService
DA:1,1
DA:2,1
DA:4,1
DA:5,3
DA:6,3
DA:22,2
DA:23,1
DA:26,1
DA:28,2
DA:29,2
DA:30,2
DA:31,2
DA:36,1
DA:43,2
DA:47,1
DA:52,11
DA:53,11
DA:58,10
DA:60,9
DA:61,1
DA:63,8
DA:68,7
DA:70,6
DA:74,5
DA:75,4
DA:76,2
DA:81,2
DA:86,2
DA:100,2
DA:102,9
DA:106,1
DA:110,4
DA:111,4
DA:115,3
DA:117,2
DA:122,1
DA:124,3
DA:128,1
DA:129,4
DA:130,4
DA:134,3
DA:136,2
DA:140,3
LF:43
LH:43
BRDA:22,0,0,1
BRDA:22,0,1,1
BRDA:58,1,0,1
BRDA:58,1,1,9
BRDA:60,2,0,1
BRDA:60,2,1,8
BRDA:68,3,0,1
BRDA:68,3,1,6
BRDA:75,4,0,2
BRDA:75,4,1,2
BRDA:115,5,0,1
BRDA:115,5,1,2
BRDA:134,6,0,1
BRDA:134,6,1,2
BRF:14
BRH:14
end_of_record
TN:
SF:src\services\dashboardServices.ts
FN:3,SalesSummaryService
FN:29,(anonymous_1)
FN:36,(anonymous_2)
FN:47,ProductInsightsService
FN:57,(anonymous_4)
FN:61,(anonymous_5)
FN:63,(anonymous_6)
FN:80,CustomerInsightsService
FN:99,OperationalSummaryService
FN:128,CustomerOriginSummaryService
FN:146,(anonymous_10)
FNF:11
FNH:11
FNDA:2,SalesSummaryService
FNDA:2,(anonymous_1)
FNDA:2,(anonymous_2)
FNDA:2,ProductInsightsService
FNDA:2,(anonymous_4)
FNDA:2,(anonymous_5)
FNDA:3,(anonymous_6)
FNDA:2,CustomerInsightsService
FNDA:2,OperationalSummaryService
FNDA:2,CustomerOriginSummaryService
FNDA:2,(anonymous_10)
DA:1,1
DA:3,1
DA:4,2
DA:5,2
DA:11,2
DA:12,2
DA:13,2
DA:16,2
DA:18,2
DA:20,2
DA:29,2
DA:30,2
DA:31,2
DA:32,2
DA:33,2
DA:36,2
DA:41,2
DA:43,0
DA:47,1
DA:48,2
DA:49,2
DA:56,2
DA:57,2
DA:61,2
DA:63,3
DA:67,2
DA:74,2
DA:76,0
DA:80,1
DA:81,2
DA:82,2
DA:86,2
DA:87,2
DA:89,2
DA:93,2
DA:95,0
DA:99,1
DA:100,2
DA:101,2
DA:107,2
DA:118,2
DA:122,2
DA:124,0
DA:128,1
DA:129,2
DA:130,2
DA:146,2
DA:151,2
DA:153,0
LF:49
LH:44
BRDA:11,0,0,2
BRDA:11,0,1,1
BRDA:12,1,0,2
BRDA:12,1,1,1
BRDA:13,2,0,1
BRDA:13,2,1,1
BRDA:18,3,0,2
BRDA:18,3,1,0
BRDA:31,4,0,2
BRDA:31,4,1,0
BRDA:63,5,0,2
BRDA:63,5,1,0
BRF:12
BRH:9
end_of_record
TN:
SF:src\services\orderServices.ts
FN:12,CreateOrderService
FN:71,UpdateOrderStatusService
FN:98,GetOrderItemsByOrderIdService
FN:121,GetUserOrdersService
FN:134,GetAllOrderService
FNF:5
FNH:5
FNDA:6,CreateOrderService
FNDA:1,UpdateOrderStatusService
FNDA:2,GetOrderItemsByOrderIdService
FNDA:1,GetUserOrdersService
FNDA:2,GetAllOrderService
DA:2,1
DA:3,1
DA:4,1
DA:5,1
DA:6,1
DA:12,1
DA:20,6
DA:21,6
DA:23,6
DA:24,1
DA:27,5
DA:28,3
DA:35,3
DA:36,1
DA:40,4
DA:43,3
DA:54,3
DA:58,2
DA:59,2
DA:65,1
DA:67,3
DA:71,1
DA:75,1
DA:76,1
DA:91,1
DA:92,1
DA:94,0
DA:98,1
DA:99,2
DA:100,2
DA:113,2
DA:115,1
DA:117,1
DA:121,1
DA:122,1
DA:123,1
DA:128,1
DA:130,0
DA:134,1
DA:135,2
DA:138,2
DA:139,1
DA:145,1
DA:151,2
DA:153,0
LF:45
LH:42
BRDA:23,0,0,1
BRDA:23,0,1,5
BRDA:27,1,0,3
BRDA:27,1,1,2
BRDA:27,2,0,5
BRDA:27,2,1,3
BRDA:35,3,0,1
BRDA:35,3,1,2
BRDA:54,4,0,2
BRDA:54,4,1,1
BRDA:55,5,0,3
BRDA:55,5,1,2
BRDA:55,5,2,3
BRDA:113,6,0,1
BRDA:113,6,1,1
BRDA:138,7,0,1
BRDA:138,7,1,1
BRF:17
BRH:17
end_of_record
TN:
SF:src\services\productPhotosServices.ts
FN:6,GetProductPhotosService
FN:19,SetDefaultProductPhotoService
FN:32,(anonymous_3)
FN:53,UpdateProductPhotoService
FN:95,AddProductPhotoService
FN:129,DeleteProductPhotoService
FNF:6
FNH:6
FNDA:1,GetProductPhotosService
FNDA:2,SetDefaultProductPhotoService
FNDA:1,(anonymous_3)
FNDA:3,UpdateProductPhotoService
FNDA:2,AddProductPhotoService
FNDA:5,DeleteProductPhotoService
DA:1,1
DA:2,1
DA:3,1
DA:4,1
DA:6,1
DA:7,1
DA:8,1
DA:13,1
DA:15,0
DA:19,1
DA:23,2
DA:24,2
DA:30,2
DA:32,1
DA:33,1
DA:38,1
DA:44,1
DA:47,1
DA:49,1
DA:53,1
DA:57,3
DA:58,3
DA:62,3
DA:64,2
DA:66,2
DA:67,1
DA:70,1
DA:71,1
DA:76,2
DA:82,2
DA:84,2
DA:89,2
DA:91,1
DA:95,1
DA:99,2
DA:100,2
DA:104,2
DA:106,1
DA:109,1
DA:115,1
DA:117,1
DA:121,1
DA:123,1
DA:125,1
DA:129,1
DA:130,5
DA:131,5
DA:135,5
DA:137,4
DA:138,3
DA:139,3
DA:140,2
DA:144,3
DA:147,3
DA:149,2
LF:55
LH:54
BRDA:30,0,0,1
BRDA:30,0,1,1
BRDA:62,1,0,1
BRDA:62,1,1,2
BRDA:66,2,0,1
BRDA:66,2,1,1
BRDA:70,3,0,1
BRDA:70,3,1,0
BRDA:104,4,0,1
BRDA:104,4,1,1
BRDA:121,5,0,0
BRDA:121,5,1,1
BRDA:135,6,0,1
BRDA:135,6,1,4
BRDA:137,7,0,3
BRDA:137,7,1,1
BRDA:139,8,0,2
BRDA:139,8,1,1
BRF:18
BRH:16
end_of_record
TN:
SF:src\services\productServices.ts
FN:5,GetProductsService
FN:90,GetProductByIdService
FN:105,CreateProductService
FN:116,UpdateProductService
FN:148,DeleteProductService
FN:156,(anonymous_5)
FNF:6
FNH:6
FNDA:3,GetProductsService
FNDA:2,GetProductByIdService
FNDA:1,CreateProductService
FNDA:2,UpdateProductService
FNDA:2,DeleteProductService
FNDA:1,(anonymous_5)
DA:2,1
DA:3,1
DA:5,1
DA:11,3
DA:12,3
DA:15,3
DA:20,3
DA:21,2
DA:42,3
DA:43,1
DA:50,3
DA:51,1
DA:59,3
DA:60,1
DA:68,3
DA:69,1
DA:73,3
DA:84,3
DA:86,0
DA:90,1
DA:91,2
DA:92,2
DA:97,2
DA:99,1
DA:101,1
DA:105,1
DA:106,1
DA:107,1
DA:110,1
DA:112,0
DA:116,1
DA:120,2
DA:122,2
DA:124,2
DA:128,2
DA:130,1
DA:142,1
DA:144,1
DA:148,1
DA:149,2
DA:150,2
DA:154,2
DA:156,1
DA:157,1
DA:161,1
DA:165,1
DA:169,1
DA:174,1
LF:48
LH:46
BRDA:20,0,0,2
BRDA:20,0,1,1
BRDA:42,1,0,1
BRDA:42,1,1,2
BRDA:50,2,0,1
BRDA:50,2,1,2
BRDA:59,3,0,1
BRDA:59,3,1,2
BRDA:68,4,0,1
BRDA:68,4,1,2
BRDA:97,5,0,1
BRDA:97,5,1,1
BRDA:128,6,0,1
BRDA:128,6,1,1
BRDA:133,7,0,1
BRDA:133,7,1,0
BRDA:134,8,0,1
BRDA:134,8,1,0
BRDA:135,9,0,1
BRDA:135,9,1,1
BRDA:136,10,0,1
BRDA:136,10,1,1
BRDA:137,11,0,1
BRDA:137,11,1,1
BRDA:138,12,0,1
BRDA:138,12,1,1
BRDA:154,13,0,1
BRDA:154,13,1,1
BRF:28
BRH:26
end_of_record
TN:
SF:src\services\reviewServices.ts
FN:5,GetProductReviewsService
FN:28,GetProductReviewsByUserIdService
FN:50,CreateProductReviewService
FN:81,(anonymous_4)
FN:128,LikeReviewService
FN:136,(anonymous_6)
FN:155,UnlikeReviewService
FN:163,(anonymous_8)
FN:187,GetUserLikeReviewsService
FNF:9
FNH:9
FNDA:2,GetProductReviewsService
FNDA:2,GetProductReviewsByUserIdService
FNDA:2,CreateProductReviewService
FNDA:1,(anonymous_4)
FNDA:2,LikeReviewService
FNDA:1,(anonymous_6)
FNDA:1,UnlikeReviewService
FNDA:1,(anonymous_8)
FNDA:1,GetUserLikeReviewsService
DA:1,1
DA:2,1
DA:3,1
DA:5,1
DA:6,2
DA:7,2
DA:11,2
DA:13,1
DA:22,1
DA:24,1
DA:28,1
DA:29,2
DA:30,2
DA:34,2
DA:36,1
DA:44,1
DA:46,1
DA:50,1
DA:59,2
DA:60,2
DA:62,2
DA:66,2
DA:68,1
DA:78,1
DA:81,1
DA:82,1
DA:91,1
DA:101,1
DA:102,1
DA:104,1
DA:105,2
DA:106,2
DA:108,2
DA:114,2
DA:116,2
DA:122,1
DA:124,1
DA:128,1
DA:129,2
DA:130,2
DA:134,2
DA:136,1
DA:137,1
DA:141,1
DA:149,1
DA:151,1
DA:155,1
DA:156,1
DA:157,1
DA:161,1
DA:163,1
DA:164,1
DA:173,1
DA:181,1
DA:183,0
DA:187,1
DA:188,1
DA:189,1
DA:194,1
DA:196,0
LF:60
LH:58
BRDA:11,0,0,1
BRDA:11,0,1,1
BRDA:34,1,0,1
BRDA:34,1,1,1
BRDA:66,2,0,1
BRDA:66,2,1,1
BRDA:78,3,0,0
BRDA:78,3,1,1
BRDA:101,4,0,1
BRDA:101,4,1,0
BRDA:134,5,0,1
BRDA:134,5,1,1
BRDA:144,6,0,1
BRDA:144,6,1,0
BRDA:161,7,0,0
BRDA:161,7,1,1
BRDA:176,8,0,1
BRDA:176,8,1,0
BRF:18
BRH:13
end_of_record
TN:
SF:src\services\shippingCostServices.ts
FN:4,GetShippingCostService
FNF:1
FNH:1
FNDA:4,GetShippingCostService
DA:1,1
DA:2,1
DA:4,1
DA:8,4
DA:9,4
DA:11,3
DA:13,2
DA:15,1
DA:17,3
LF:9
LH:9
BRDA:9,0,0,1
BRDA:9,0,1,3
BRDA:13,1,0,1
BRDA:13,1,1,1
BRF:4
BRH:4
end_of_record
TN:
SF:src\services\userServices.ts
FN:7,UploadProfileService
FN:43,GetUserInfoService
FN:68,EditUserInfoService
FN:95,ChangeUserPasswordService
FNF:4
FNH:4
FNDA:3,UploadProfileService
FNDA:2,GetUserInfoService
FNDA:2,EditUserInfoService
FNDA:3,ChangeUserPasswordService
DA:1,1
DA:2,1
DA:3,1
DA:4,1
DA:5,1
DA:7,1
DA:8,3
DA:9,3
DA:15,3
DA:17,2
DA:19,2
DA:20,1
DA:21,1
DA:22,1
DA:26,2
DA:32,2
DA:34,2
DA:39,1
DA:43,1
DA:44,2
DA:45,2
DA:51,2
DA:53,1
DA:62,1
DA:64,1
DA:68,1
DA:72,2
DA:73,2
DA:79,2
DA:81,1
DA:89,1
DA:91,1
DA:95,1
DA:99,3
DA:100,3
DA:106,3
DA:108,2
DA:109,2
DA:111,2
DA:113,1
DA:120,1
DA:122,2
LF:42
LH:42
BRDA:15,0,0,1
BRDA:15,0,1,2
BRDA:19,1,0,1
BRDA:19,1,1,1
BRDA:21,2,0,1
BRDA:21,2,1,0
BRDA:51,3,0,1
BRDA:51,3,1,1
BRDA:79,4,0,1
BRDA:79,4,1,1
BRDA:84,5,0,1
BRDA:84,5,1,0
BRDA:85,6,0,1
BRDA:85,6,1,1
BRDA:106,7,0,1
BRDA:106,7,1,2
BRDA:111,8,0,1
BRDA:111,8,1,1
BRF:18
BRH:16
end_of_record
TN:
SF:src\tests\constans\cartContant.ts
FNF:0
FNH:0
DA:3,1
DA:4,1
DA:81,1
DA:88,1
LF:4
LH:4
BRF:0
BRH:0
end_of_record
TN:
SF:src\utils\appError.ts
FN:4,(anonymous_0)
FNF:1
FNH:1
FNDA:112,(anonymous_0)
DA:1,11
DA:5,112
DA:6,112
LF:3
LH:3
BRF:0
BRH:0
end_of_record
